Log file open, 01/24/19 19:03:29
LogWindows: Failed to load 'aqProf.dll' (GetLastError=126)
LogWindows: File 'aqProf.dll' does not exist
LogWindows: Failed to load 'VtuneApi.dll' (GetLastError=126)
LogWindows: File 'VtuneApi.dll' does not exist
LogWindows: Failed to load 'VtuneApi32e.dll' (GetLastError=126)
LogWindows: File 'VtuneApi32e.dll' does not exist
LogInit: Display: Running engine for game: BuildingEscape
LogPlatformFile: Not using cached read wrapper
LogInit: Display: RandInit(724589624) SRandInit(724589624).
LogInit: Read version file with build ID '3944462'
LogInit: Overriding engine version to CL 4033788, compatible CL 3944462
LogInit: Registered custom module enumerator with build ID '3944462'
LogTaskGraph: Started task graph with 5 named threads and 23 total threads with 3 sets of task threads.
LogStats: Stats thread started at 0.330511
LogD3D11RHI: Aftermath initialized
LogICUInternationalization: Display: ICU TimeZone Detection - Raw Offset: -5:00, Platform Override: ''
LogPluginManager: Mounting plugin Paper2D
LogPluginManager: Mounting plugin LiveLink
LogPluginManager: Mounting plugin LightPropagationVolume
LogPluginManager: Mounting plugin CLionSourceCodeAccess
LogPluginManager: Mounting plugin CodeLiteSourceCodeAccess
LogPluginManager: Mounting plugin GitSourceControl
LogPluginManager: Mounting plugin KDevelopSourceCodeAccess
LogPluginManager: Mounting plugin NullSourceCodeAccess
LogPluginManager: Mounting plugin PerforceSourceControl
LogPluginManager: Mounting plugin SubversionSourceControl
LogPluginManager: Mounting plugin UObjectPlugin
LogPluginManager: Mounting plugin VisualStudioCodeSourceCodeAccess
LogPluginManager: Mounting plugin VisualStudioSourceCodeAccess
LogPluginManager: Mounting plugin XCodeSourceCodeAccess
LogPluginManager: Mounting plugin AssetManagerEditor
LogPluginManager: Mounting plugin CryptoKeys
LogPluginManager: Mounting plugin DataValidation
LogPluginManager: Mounting plugin FacialAnimation
LogPluginManager: Mounting plugin GameplayTagsEditor
LogPluginManager: Mounting plugin MobileLauncherProfileWizard
LogPluginManager: Mounting plugin PluginBrowser
LogPluginManager: Mounting plugin SpeedTreeImporter
LogPluginManager: Mounting plugin DatasmithContent
LogPluginManager: Mounting plugin AlembicImporter
LogPluginManager: Mounting plugin CharacterAI
LogPluginManager: Mounting plugin HTML5Networking
LogPluginManager: Mounting plugin AndroidMedia
LogPluginManager: Mounting plugin AvfMedia
LogPluginManager: Mounting plugin ImgMedia
LogPluginManager: Mounting plugin LinearTimecode
LogPluginManager: Mounting plugin MediaCompositing
LogPluginManager: Mounting plugin MediaPlayerEditor
LogPluginManager: Mounting plugin WmfMedia
LogPluginManager: Mounting plugin TcpMessaging
LogPluginManager: Mounting plugin UdpMessaging
LogPluginManager: Mounting plugin ActorSequence
LogPluginManager: Mounting plugin LevelSequenceEditor
LogPluginManager: Mounting plugin MatineeToLevelSequence
LogPluginManager: Mounting plugin NetcodeUnitTest
LogPluginManager: Mounting plugin NUTUnrealEngine4
LogPluginManager: Mounting plugin OnlineSubsystemGooglePlay
LogPluginManager: Mounting plugin OnlineSubsystemIOS
LogPluginManager: Mounting plugin OnlineSubsystem
LogPluginManager: Mounting plugin OnlineSubsystemNull
LogPluginManager: Mounting plugin OnlineSubsystemUtils
LogPluginManager: Mounting plugin AndroidDeviceProfileSelector
LogPluginManager: Mounting plugin AndroidMoviePlayer
LogPluginManager: Mounting plugin AndroidPermission
LogPluginManager: Mounting plugin AppleARKit
LogPluginManager: Mounting plugin AppleMoviePlayer
LogPluginManager: Mounting plugin ArchVisCharacter
LogPluginManager: Mounting plugin AudioCapture
LogPluginManager: Mounting plugin CableComponent
LogPluginManager: Mounting plugin CustomMeshComponent
LogPluginManager: Mounting plugin ExampleDeviceProfileSelector
LogPluginManager: Mounting plugin GoogleCloudMessaging
LogPluginManager: Mounting plugin ImmediatePhysics
LogPluginManager: Mounting plugin IOSDeviceProfileSelector
LogPluginManager: Mounting plugin LinuxDeviceProfileSelector
LogPluginManager: Mounting plugin LocationServicesBPLibrary
LogPluginManager: Mounting plugin MobilePatchingUtils
LogPluginManager: Mounting plugin OculusVR
LogPluginManager: Plugin shader directory ../../../Engine/Plugins/Runtime/Oculus/OculusVR/Shaders found
LogPluginManager: Mapping shader source directory ../../../Engine/Plugins/Runtime/Oculus/OculusVR/Shaders to virtual directory /Plugin/OculusVR
LogPluginManager: Mounting plugin PhysXVehicles
LogPluginManager: Mounting plugin ProceduralMeshComponent
LogPluginManager: Mounting plugin RuntimePhysXCooking
LogPluginManager: Mounting plugin SteamVR
LogPluginManager: Mounting plugin WindowsMoviePlayer
LogStreaming: Display: Took  0.198s to configure plugins.
LogModuleManager: Display: Found up-to-date module file ../../../../../../Users/Jarod/OneDrive - University of Georgia/Documents/Unreal Projects/BuildingEscape/BuildingEscape/Binaries/Win64/UE4Editor-BuildingEscape.dll (API version 3944462).
LogModuleManager: Display: Found up-to-date module file ../../../Engine/Plugins/2D/Paper2D/Binaries/Win64/UE4Editor-Paper2D.dll (API version 3944462).
LogModuleManager: Display: Found up-to-date module file ../../../Engine/Plugins/2D/Paper2D/Binaries/Win64/UE4Editor-Paper2DEditor.dll (API version 3944462).
LogModuleManager: Display: Found up-to-date module file ../../../Engine/Plugins/2D/Paper2D/Binaries/Win64/UE4Editor-PaperSpriteSheetImporter.dll (API version 3944462).
LogModuleManager: Display: Found up-to-date module file ../../../Engine/Plugins/2D/Paper2D/Binaries/Win64/UE4Editor-PaperTiledImporter.dll (API version 3944462).
LogModuleManager: Display: Found up-to-date module file ../../../Engine/Plugins/2D/Paper2D/Binaries/Win64/UE4Editor-SmartSnapping.dll (API version 3944462).
LogModuleManager: Display: Found up-to-date module file ../../../Engine/Plugins/Animation/LiveLink/Binaries/Win64/UE4Editor-LiveLink.dll (API version 3944462).
LogModuleManager: Display: Found up-to-date module file ../../../Engine/Plugins/Animation/LiveLink/Binaries/Win64/UE4Editor-LiveLinkEditor.dll (API version 3944462).
LogModuleManager: Display: Found up-to-date module file ../../../Engine/Plugins/Blendables/LightPropagationVolume/Binaries/Win64/UE4Editor-LightPropagationVolumeRuntime.dll (API version 3944462).
LogModuleManager: Display: Found up-to-date module file ../../../Engine/Plugins/Blendables/LightPropagationVolume/Binaries/Win64/UE4Editor-LightPropagationVolumeEditor.dll (API version 3944462).
LogModuleManager: Display: Found up-to-date module file ../../../Engine/Plugins/Developer/CLionSourceCodeAccess/Binaries/Win64/UE4Editor-CLionSourceCodeAccess.dll (API version 3944462).
LogModuleManager: Display: Found up-to-date module file ../../../Engine/Plugins/Developer/GitSourceControl/Binaries/Win64/UE4Editor-GitSourceControl.dll (API version 3944462).
LogModuleManager: Display: Found up-to-date module file ../../../Engine/Plugins/Developer/PerforceSourceControl/Binaries/Win64/UE4Editor-PerforceSourceControl.dll (API version 3944462).
LogModuleManager: Display: Found up-to-date module file ../../../Engine/Plugins/Developer/SubversionSourceControl/Binaries/Win64/UE4Editor-SubversionSourceControl.dll (API version 3944462).
LogModuleManager: Display: Found up-to-date module file ../../../Engine/Plugins/Developer/UObjectPlugin/Binaries/Win64/UE4Editor-UObjectPlugin.dll (API version 3944462).
LogModuleManager: Display: Found up-to-date module file ../../../Engine/Plugins/Developer/VisualStudioCodeSourceCodeAccess/Binaries/Win64/UE4Editor-VisualStudioCodeSourceCodeAccess.dll (API version 3944462).
LogModuleManager: Display: Found up-to-date module file ../../../Engine/Plugins/Developer/VisualStudioSourceCodeAccess/Binaries/Win64/UE4Editor-VisualStudioSourceCodeAccess.dll (API version 3944462).
LogModuleManager: Display: Found up-to-date module file ../../../Engine/Plugins/Editor/AssetManagerEditor/Binaries/Win64/UE4Editor-AssetManagerEditor.dll (API version 3944462).
LogModuleManager: Display: Found up-to-date module file ../../../Engine/Plugins/Editor/CryptoKeys/Binaries/Win64/UE4Editor-CryptoKeys.dll (API version 3944462).
LogModuleManager: Display: Found up-to-date module file ../../../Engine/Plugins/Editor/CryptoKeys/Binaries/Win64/UE4Editor-CryptoKeysOpenSSL.dll (API version 3944462).
LogModuleManager: Display: Found up-to-date module file ../../../Engine/Plugins/Editor/DataValidation/Binaries/Win64/UE4Editor-DataValidation.dll (API version 3944462).
LogModuleManager: Display: Found up-to-date module file ../../../Engine/Plugins/Editor/FacialAnimation/Binaries/Win64/UE4Editor-FacialAnimation.dll (API version 3944462).
LogModuleManager: Display: Found up-to-date module file ../../../Engine/Plugins/Editor/FacialAnimation/Binaries/Win64/UE4Editor-FacialAnimationEditor.dll (API version 3944462).
LogModuleManager: Display: Found up-to-date module file ../../../Engine/Plugins/Editor/GameplayTagsEditor/Binaries/Win64/UE4Editor-GameplayTagsEditor.dll (API version 3944462).
LogModuleManager: Display: Found up-to-date module file ../../../Engine/Plugins/Editor/MobileLauncherProfileWizard/Binaries/Win64/UE4Editor-MobileLauncherProfileWizard.dll (API version 3944462).
LogModuleManager: Display: Found up-to-date module file ../../../Engine/Plugins/Editor/PluginBrowser/Binaries/Win64/UE4Editor-PluginBrowser.dll (API version 3944462).
LogModuleManager: Display: Found up-to-date module file ../../../Engine/Plugins/Editor/SpeedTreeImporter/Binaries/Win64/UE4Editor-SpeedTreeImporter.dll (API version 3944462).
LogModuleManager: Display: Found up-to-date module file ../../../Engine/Plugins/Enterprise/DatasmithContent/Binaries/Win64/UE4Editor-DatasmithContent.dll (API version 3944462).
LogModuleManager: Display: Found up-to-date module file ../../../Engine/Plugins/Experimental/AlembicImporter/Binaries/Win64/UE4Editor-AlembicImporter.dll (API version 3944462).
LogModuleManager: Display: Found up-to-date module file ../../../Engine/Plugins/Experimental/AlembicImporter/Binaries/Win64/UE4Editor-AlembicLibrary.dll (API version 3944462).
LogModuleManager: Display: Found up-to-date module file ../../../Engine/Plugins/Experimental/CharacterAI/Binaries/Win64/UE4Editor-CharacterAI.dll (API version 3944462).
LogModuleManager: Display: Found up-to-date module file ../../../Engine/Plugins/Experimental/HTML5Networking/Binaries/Win64/UE4Editor-HTML5Networking.dll (API version 3944462).
LogModuleManager: Display: Found up-to-date module file ../../../Engine/Plugins/Media/AndroidMedia/Binaries/Win64/UE4Editor-AndroidMediaEditor.dll (API version 3944462).
LogModuleManager: Display: Found up-to-date module file ../../../Engine/Plugins/Media/AndroidMedia/Binaries/Win64/UE4Editor-AndroidMediaFactory.dll (API version 3944462).
LogModuleManager: Display: Found up-to-date module file ../../../Engine/Plugins/Media/AvfMedia/Binaries/Win64/UE4Editor-AvfMediaEditor.dll (API version 3944462).
LogModuleManager: Display: Found up-to-date module file ../../../Engine/Plugins/Media/AvfMedia/Binaries/Win64/UE4Editor-AvfMediaFactory.dll (API version 3944462).
LogModuleManager: Display: Found up-to-date module file ../../../Engine/Plugins/Media/AvfMedia/Binaries/Win64/UE4Editor-AvfMediaFactory.dll (API version 3944462).
LogModuleManager: Display: Found up-to-date module file ../../../Engine/Plugins/Media/ImgMedia/Binaries/Win64/UE4Editor-ImgMedia.dll (API version 3944462).
LogModuleManager: Display: Found up-to-date module file ../../../Engine/Plugins/Media/ImgMedia/Binaries/Win64/UE4Editor-ImgMediaEditor.dll (API version 3944462).
LogModuleManager: Display: Found up-to-date module file ../../../Engine/Plugins/Media/ImgMedia/Binaries/Win64/UE4Editor-ImgMediaFactory.dll (API version 3944462).
LogModuleManager: Display: Found up-to-date module file ../../../Engine/Plugins/Media/ImgMedia/Binaries/Win64/UE4Editor-ImgMediaFactory.dll (API version 3944462).
LogModuleManager: Display: Found up-to-date module file ../../../Engine/Plugins/Media/ImgMedia/Binaries/Win64/UE4Editor-OpenExrWrapper.dll (API version 3944462).
LogModuleManager: Display: Found up-to-date module file ../../../Engine/Plugins/Media/LinearTimecode/Binaries/Win64/UE4Editor-LinearTimecode.dll (API version 3944462).
LogModuleManager: Display: Found up-to-date module file ../../../Engine/Plugins/Media/MediaCompositing/Binaries/Win64/UE4Editor-MediaCompositing.dll (API version 3944462).
LogModuleManager: Display: Found up-to-date module file ../../../Engine/Plugins/Media/MediaCompositing/Binaries/Win64/UE4Editor-MediaCompositingEditor.dll (API version 3944462).
LogModuleManager: Display: Found up-to-date module file ../../../Engine/Plugins/Media/MediaPlayerEditor/Binaries/Win64/UE4Editor-MediaPlayerEditor.dll (API version 3944462).
LogModuleManager: Display: Found up-to-date module file ../../../Engine/Plugins/Media/WmfMedia/Binaries/Win64/UE4Editor-WmfMedia.dll (API version 3944462).
LogModuleManager: Display: Found up-to-date module file ../../../Engine/Plugins/Media/WmfMedia/Binaries/Win64/UE4Editor-WmfMediaEditor.dll (API version 3944462).
LogModuleManager: Display: Found up-to-date module file ../../../Engine/Plugins/Media/WmfMedia/Binaries/Win64/UE4Editor-WmfMediaFactory.dll (API version 3944462).
LogModuleManager: Display: Found up-to-date module file ../../../Engine/Plugins/Media/WmfMedia/Binaries/Win64/UE4Editor-WmfMediaFactory.dll (API version 3944462).
LogModuleManager: Display: Found up-to-date module file ../../../Engine/Plugins/Messaging/TcpMessaging/Binaries/Win64/UE4Editor-TcpMessaging.dll (API version 3944462).
LogModuleManager: Display: Found up-to-date module file ../../../Engine/Plugins/Messaging/UdpMessaging/Binaries/Win64/UE4Editor-UdpMessaging.dll (API version 3944462).
LogModuleManager: Display: Found up-to-date module file ../../../Engine/Plugins/MovieScene/ActorSequence/Binaries/Win64/UE4Editor-ActorSequence.dll (API version 3944462).
LogModuleManager: Display: Found up-to-date module file ../../../Engine/Plugins/MovieScene/LevelSequenceEditor/Binaries/Win64/UE4Editor-LevelSequenceEditor.dll (API version 3944462).
LogModuleManager: Display: Found up-to-date module file ../../../Engine/Plugins/MovieScene/MatineeToLevelSequence/Binaries/Win64/UE4Editor-MatineeToLevelSequence.dll (API version 3944462).
LogModuleManager: Display: Found up-to-date module file ../../../Engine/Plugins/NetcodeUnitTest/NetcodeUnitTest/Binaries/Win64/UE4Editor-NetcodeUnitTest.dll (API version 3944462).
LogModuleManager: Display: Found up-to-date module file ../../../Engine/Plugins/NetcodeUnitTest/NUTUnrealEngine4/Binaries/Win64/UE4Editor-NUTUnrealEngine4.dll (API version 3944462).
LogModuleManager: Display: Found up-to-date module file ../../../Engine/Plugins/Online/OnlineSubsystem/Binaries/Win64/UE4Editor-OnlineSubsystem.dll (API version 3944462).
LogModuleManager: Display: Found up-to-date module file ../../../Engine/Plugins/Online/OnlineSubsystemNull/Binaries/Win64/UE4Editor-OnlineSubsystemNull.dll (API version 3944462).
LogModuleManager: Display: Found up-to-date module file ../../../Engine/Plugins/Online/OnlineSubsystemUtils/Binaries/Win64/UE4Editor-OnlineSubsystemUtils.dll (API version 3944462).
LogModuleManager: Display: Found up-to-date module file ../../../Engine/Plugins/Online/OnlineSubsystemUtils/Binaries/Win64/UE4Editor-OnlineBlueprintSupport.dll (API version 3944462).
LogModuleManager: Display: Found up-to-date module file ../../../Engine/Plugins/Runtime/AndroidDeviceProfileSelector/Binaries/Win64/UE4Editor-AndroidDeviceProfileSelector.dll (API version 3944462).
LogModuleManager: Display: Found up-to-date module file ../../../Engine/Plugins/Runtime/AndroidPermission/Binaries/Win64/UE4Editor-AndroidPermission.dll (API version 3944462).
LogModuleManager: Display: Found up-to-date module file ../../../Engine/Plugins/Runtime/AppleARKit/Binaries/Win64/UE4Editor-AppleARKit.dll (API version 3944462).
LogModuleManager: Display: Found up-to-date module file ../../../Engine/Plugins/Runtime/ArchVisCharacter/Binaries/Win64/UE4Editor-ArchVisCharacter.dll (API version 3944462).
LogModuleManager: Display: Found up-to-date module file ../../../Engine/Plugins/Runtime/AudioCapture/Binaries/Win64/UE4Editor-AudioCapture.dll (API version 3944462).
LogModuleManager: Display: Found up-to-date module file ../../../Engine/Plugins/Runtime/AudioCapture/Binaries/Win64/UE4Editor-AudioCaptureEditor.dll (API version 3944462).
LogModuleManager: Display: Found up-to-date module file ../../../Engine/Plugins/Runtime/CableComponent/Binaries/Win64/UE4Editor-CableComponent.dll (API version 3944462).
LogModuleManager: Display: Found up-to-date module file ../../../Engine/Plugins/Runtime/CustomMeshComponent/Binaries/Win64/UE4Editor-CustomMeshComponent.dll (API version 3944462).
LogModuleManager: Display: Found up-to-date module file ../../../Engine/Plugins/Runtime/ExampleDeviceProfileSelector/Binaries/Win64/UE4Editor-ExampleDeviceProfileSelector.dll (API version 3944462).
LogModuleManager: Display: Found up-to-date module file ../../../Engine/Plugins/Runtime/ImmediatePhysics/Binaries/Win64/UE4Editor-ImmediatePhysics.dll (API version 3944462).
LogModuleManager: Display: Found up-to-date module file ../../../Engine/Plugins/Runtime/ImmediatePhysics/Binaries/Win64/UE4Editor-ImmediatePhysicsEditor.dll (API version 3944462).
LogModuleManager: Display: Found up-to-date module file ../../../Engine/Plugins/Runtime/LocationServicesBPLibrary/Binaries/Win64/UE4Editor-LocationServicesBPLibrary.dll (API version 3944462).
LogModuleManager: Display: Found up-to-date module file ../../../Engine/Plugins/Runtime/MobilePatchingUtils/Binaries/Win64/UE4Editor-MobilePatchingUtils.dll (API version 3944462).
LogModuleManager: Display: Found up-to-date module file ../../../Engine/Plugins/Runtime/Oculus/OculusVR/Binaries/Win64/UE4Editor-OculusHMD.dll (API version 3944462).
LogModuleManager: Display: Found up-to-date module file ../../../Engine/Plugins/Runtime/Oculus/OculusVR/Binaries/Win64/UE4Editor-OculusInput.dll (API version 3944462).
LogModuleManager: Display: Found up-to-date module file ../../../Engine/Plugins/Runtime/Oculus/OculusVR/Binaries/Win64/UE4Editor-OculusEditor.dll (API version 3944462).
LogModuleManager: Display: Found up-to-date module file ../../../Engine/Plugins/Runtime/PhysXVehicles/Binaries/Win64/UE4Editor-PhysXVehicles.dll (API version 3944462).
LogModuleManager: Display: Found up-to-date module file ../../../Engine/Plugins/Runtime/PhysXVehicles/Binaries/Win64/UE4Editor-PhysXVehiclesEditor.dll (API version 3944462).
LogModuleManager: Display: Found up-to-date module file ../../../Engine/Plugins/Runtime/ProceduralMeshComponent/Binaries/Win64/UE4Editor-ProceduralMeshComponent.dll (API version 3944462).
LogModuleManager: Display: Found up-to-date module file ../../../Engine/Plugins/Runtime/ProceduralMeshComponent/Binaries/Win64/UE4Editor-ProceduralMeshComponentEditor.dll (API version 3944462).
LogModuleManager: Display: Found up-to-date module file ../../../Engine/Plugins/Runtime/RuntimePhysXCooking/Binaries/Win64/UE4Editor-RuntimePhysXCooking.dll (API version 3944462).
LogModuleManager: Display: Found up-to-date module file ../../../Engine/Plugins/Runtime/Steam/SteamVR/Binaries/Win64/UE4Editor-SteamVR.dll (API version 3944462).
LogModuleManager: Display: Found up-to-date module file ../../../Engine/Plugins/Runtime/Steam/SteamVR/Binaries/Win64/UE4Editor-SteamVRController.dll (API version 3944462).
LogModuleManager: Display: Found up-to-date module file ../../../Engine/Plugins/Runtime/WindowsMoviePlayer/Binaries/Win64/UE4Editor-WindowsMoviePlayer.dll (API version 3944462).
LogInit: Using libcurl 7.47.1
LogInit:  - built for x86_64-pc-win32
LogInit:  - supports SSL with OpenSSL/1.0.2g
LogInit:  - supports HTTP deflate (compression) using libz 1.2.8
LogInit:  - other features:
LogInit:      CURL_VERSION_SSL
LogInit:      CURL_VERSION_LIBZ
LogInit:      CURL_VERSION_IPV6
LogInit:      CURL_VERSION_ASYNCHDNS
LogInit:      CURL_VERSION_LARGEFILE
LogInit:      CURL_VERSION_IDN
LogInit:  CurlRequestOptions (configurable via config and command line):
LogInit:  - bVerifyPeer = false  - Libcurl will NOT verify peer certificate
LogInit:  - bUseHttpProxy = false  - Libcurl will NOT use HTTP proxy
LogInit:  - bDontReuseConnections = false  - Libcurl will reuse connections
LogInit:  - CertBundlePath = nullptr  - Libcurl will use whatever was configured at build time.
LogInit:  - MaxHostConnections = 16  - Libcurl will limit the number of connections to a host
LogInit:  - LocalHostAddr = Default
LogInit: WinSock: version 1.1 (2.2), MaxSocks=32767, MaxUdp=65467
LogInit: WinSock: I am Jarods-Desktop (192.168.0.197:0)
LogInit: Build: ++UE4+Release-4.19-CL-4033788
LogInit: Engine Version: 4.19.2-4033788+++UE4+Release-4.19
LogInit: Compatible Engine Version: 4.19.0-3944462+++UE4+Release-4.19
LogInit: Net CL: 3944462
LogDevObjectVersion: Number of dev versions registered: 18
LogDevObjectVersion:   Dev-Blueprints (B0D832E4-1F89-4F0D-ACCF-7EB736FD4AA2): 10
LogDevObjectVersion:   Dev-Build (E1C64328-A22C-4D53-A36C-8E866417BD8C): 0
LogDevObjectVersion:   Dev-Core (375EC13C-06E4-48FB-B500-84F0262A717E): 2
LogDevObjectVersion:   Dev-Editor (E4B068ED-F494-42E9-A231-DA0B2E46BB41): 23
LogDevObjectVersion:   Dev-Framework (CFFC743F-43B0-4480-9391-14DF171D2073): 33
LogDevObjectVersion:   Dev-Mobile (B02B49B5-BB20-44E9-A304-32B752E40360): 2
LogDevObjectVersion:   Dev-Networking (A4E4105C-59A1-49B5-A7C5-40C4547EDFEE): 0
LogDevObjectVersion:   Dev-Online (39C831C9-5AE6-47DC-9A44-9C173E1C8E7C): 0
LogDevObjectVersion:   Dev-Physics (78F01B33-EBEA-4F98-B9B4-84EACCB95AA2): 0
LogDevObjectVersion:   Dev-Platform (6631380F-2D4D-43E0-8009-CF276956A95A): 0
LogDevObjectVersion:   Dev-Rendering (12F88B9F-8875-4AFC-A67C-D90C383ABD29): 25
LogDevObjectVersion:   Dev-Sequencer (7B5AE74C-D270-4C10-A958-57980B212A5A): 6
LogDevObjectVersion:   Dev-VR (D7296918-1DD6-4BDD-9DE2-64A83CC13884): 1
LogDevObjectVersion:   Dev-LoadTimes (C2A15278-BFE7-4AFE-6C17-90FF531DF755): 1
LogDevObjectVersion:   Private-Geometry (6EACA3D4-40EC-4CC1-B786-8BED09428FC5): 2
LogDevObjectVersion:   Dev-AnimPhys (29E575DD-E0A3-4627-9D10-D276232CDCEA): 16
LogDevObjectVersion:   Dev-ReflectionCapture (6B266CEC-1EC7-4B8F-A30B-E4D90942FC07): 1
LogDevObjectVersion:   Dev-Automation (0DF73D61-A23F-47EA-B727-89E90C41499A): 1
LogInit: Compiled (64-bit): Apr 27 2018 02:06:57
LogInit: Compiled with Visual C++: 19.00.24215.01
LogInit: Build Configuration: Development
LogInit: Branch Name: ++UE4+Release-4.19
LogInit: Command Line: 
LogInit: Base Directory: C:/Program Files/Epic Games/UE_4.19/Engine/Binaries/Win64/
LogInit: Installed Engine Build: 1
LogStreaming: Display: Took  0.001s to delete old logs.
LogInit: Presizing for max 8388607 objects, including 0 objects not considered by GC, pre-allocating 0 bytes for permanent pool.
LogInit: Object subsystem initialized
[2019.01.25-00.03.33:748][  0]LogInit: Selected Device Profile: [Windows]
[2019.01.25-00.03.33:749][  0]LogInit: Applying CVar settings loaded from the selected device profile: [Windows]
[2019.01.25-00.03.33:796][  0]LogInit: Computer: JARODS-DESKTOP
[2019.01.25-00.03.33:796][  0]LogInit: User: Jarod
[2019.01.25-00.03.33:796][  0]LogInit: CPU Page size=4096, Cores=4
[2019.01.25-00.03.33:796][  0]LogInit: High frequency timer resolution =3.418000 MHz
[2019.01.25-00.03.33:796][  0]LogMemory: Memory total: Physical=23.9GB (24GB approx)
[2019.01.25-00.03.33:796][  0]LogMemory: Platform Memory Stats for Windows
[2019.01.25-00.03.33:796][  0]LogMemory: Process Physical Memory: 274.19 MB used, 274.19 MB peak
[2019.01.25-00.03.33:796][  0]LogMemory: Process Virtual Memory: 265.00 MB used, 265.00 MB peak
[2019.01.25-00.03.33:796][  0]LogMemory: Physical Memory: 4715.44 MB used,  19808.86 MB free, 24524.30 MB total
[2019.01.25-00.03.33:796][  0]LogMemory: Virtual Memory: 4795.66 MB used,  19808.86 MB free, 134217728.00 MB total
[2019.01.25-00.03.33:848][  0]LogInit: Using OS detected language (en-US).
[2019.01.25-00.03.33:848][  0]LogInit: Using OS detected locale (en-US).
[2019.01.25-00.03.33:951][  0]LogTextLocalizationManager: No specific localization for 'en-US' exists, so the 'en' localization will be used.
[2019.01.25-00.03.34:698][  0]LogStreaming: Display: Took  0.851s to EndInitTextLocalization.
[2019.01.25-00.03.34:698][  0]LogInit: Setting process to per monitor DPI aware
[2019.01.25-00.03.34:788][  0]LogSlate: New Slate User Created.  User Index 0, Is Virtual User: 0
[2019.01.25-00.03.34:788][  0]LogSlate: Slate User Registered.  User Index 0, Is Virtual User: 0
[2019.01.25-00.03.37:870][  0]LogD3D11RHI: D3D11 adapters:
[2019.01.25-00.03.37:946][  0]LogD3D11RHI:    0. 'NVIDIA GeForce GT 740' (Feature Level 11_0)
[2019.01.25-00.03.37:946][  0]LogD3D11RHI:       4063/0/12262 MB DedicatedVideo/DedicatedSystem/SharedSystem, Outputs:2, VendorId:0x10de
[2019.01.25-00.03.37:950][  0]LogD3D11RHI:    1. 'Microsoft Basic Render Driver' (Feature Level 11_0)
[2019.01.25-00.03.37:950][  0]LogD3D11RHI:       0/0/12262 MB DedicatedVideo/DedicatedSystem/SharedSystem, Outputs:0, VendorId:0x1414
[2019.01.25-00.03.37:952][  0]LogD3D11RHI:    2. 'Microsoft Basic Render Driver' (Feature Level 11_0)
[2019.01.25-00.03.37:952][  0]LogD3D11RHI:       0/0/12262 MB DedicatedVideo/DedicatedSystem/SharedSystem, Outputs:0, VendorId:0x1414
[2019.01.25-00.03.37:952][  0]LogD3D11RHI: Chosen D3D11 Adapter: 0
[2019.01.25-00.03.37:961][  0]LogD3D11RHI: Creating new Direct3DDevice
[2019.01.25-00.03.37:961][  0]LogD3D11RHI:     GPU DeviceId: 0xfc8 (for the marketing name, search the web for "GPU Device Id")
[2019.01.25-00.03.37:961][  0]LogWindows: EnumDisplayDevices:
[2019.01.25-00.03.37:961][  0]LogWindows:    0. 'NVIDIA GeForce GT 740' (P:0 D:1)
[2019.01.25-00.03.37:962][  0]LogWindows:    1. 'NVIDIA GeForce GT 740' (P:1 D:1)
[2019.01.25-00.03.37:962][  0]LogWindows:    2. 'NVIDIA GeForce GT 740' (P:0 D:0)
[2019.01.25-00.03.37:963][  0]LogWindows:    3. 'iDisplay (Microsoft Corporation - WDDM v1.1)' (P:0 D:0)
[2019.01.25-00.03.37:963][  0]LogWindows:    4. 'iDisplay (Microsoft Corporation - WDDM v1.1)' (P:0 D:0)
[2019.01.25-00.03.37:964][  0]LogWindows:    5. 'iDisplay (Microsoft Corporation - WDDM v1.1)' (P:0 D:0)
[2019.01.25-00.03.37:964][  0]LogWindows: DebugString: GetVideoDriverDetailsInvalid PrimaryIsNotTheChoosenAdapter GetVideoDriverDetailsInvalid PrimaryIsNotTheChoosenAdapter GetVideoDriverDetailsInvalid PrimaryIsNotTheChoosenAdapter GetVideoDriverDetailsInvalid PrimaryIsNotTheChoosenAdapter GetVideoDriverDetailsInvalid PrimaryIsNotTheChoosenAdapter GetVideoDriverDetailsInvalid PrimaryIsNotTheChoosenAdapter FoundDriverCount:0 
[2019.01.25-00.03.37:964][  0]LogD3D11RHI:     Adapter Name: NVIDIA GeForce GT 740
[2019.01.25-00.03.37:965][  0]LogD3D11RHI:   Driver Version: Unknown (internal:Unknown, unified:Unknown)
[2019.01.25-00.03.37:965][  0]LogD3D11RHI:      Driver Date: Unknown
[2019.01.25-00.03.37:965][  0]LogRHI: Texture pool is 2844 MB (70% of 4063 MB)
[2019.01.25-00.03.38:022][  0]LogD3D11RHI: [Aftermath] Aftermath enabled but failed to initialize
[2019.01.25-00.03.38:022][  0]LogD3D11RHI: [Aftermath] Aftermath enabled and primed
[2019.01.25-00.03.38:022][  0]LogD3D11RHI: Async texture creation enabled
[2019.01.25-00.03.38:041][  0]LogD3D11RHI: GPU Timing Frequency: 1000.000000 (Debug: 2 2)
[2019.01.25-00.03.38:093][  0]LogShaderCompilers: Guid format shader working directory is -72 characters bigger than the processId version (../../../../../../Users/Jarod/OneDrive - University of Georgia/Documents/Unreal Projects/BuildingEscape/BuildingEscape/Intermediate/Shaders/WorkingDirectory/5936/).
[2019.01.25-00.03.38:093][  0]LogShaderCompilers: Cleaned the shader compiler working directory 'C:/Users/Jarod/AppData/Local/Temp/UnrealShaderWorkingDir/CEA3D5FB4491975DB0B9D2AE8BA236F5/'.
[2019.01.25-00.03.38:485][  0]LogTemp: Display: Loaded TP AllDesktopTargetPlatform
[2019.01.25-00.03.38:512][  0]LogTemp: Display: Loaded TP MacClientTargetPlatform
[2019.01.25-00.03.38:541][  0]LogTemp: Display: Loaded TP MacNoEditorTargetPlatform
[2019.01.25-00.03.38:568][  0]LogTemp: Display: Loaded TP MacServerTargetPlatform
[2019.01.25-00.03.38:603][  0]LogTemp: Display: Loaded TP MacTargetPlatform
[2019.01.25-00.03.38:629][  0]LogTemp: Display: Loaded TP WindowsClientTargetPlatform
[2019.01.25-00.03.38:657][  0]LogTemp: Display: Loaded TP WindowsNoEditorTargetPlatform
[2019.01.25-00.03.38:688][  0]LogTemp: Display: Loaded TP WindowsServerTargetPlatform
[2019.01.25-00.03.38:700][  0]LogTemp: Display: Loaded TP WindowsTargetPlatform
[2019.01.25-00.03.38:727][  0]LogTemp: Display: Loaded TP Android_ASTCTargetPlatform
[2019.01.25-00.03.38:748][  0]LogTemp: Display: Loaded TP Android_ATCTargetPlatform
[2019.01.25-00.03.38:775][  0]LogTemp: Display: Loaded TP Android_DXTTargetPlatform
[2019.01.25-00.03.38:803][  0]LogTemp: Display: Loaded TP Android_ETC1aTargetPlatform
[2019.01.25-00.03.38:827][  0]LogTemp: Display: Loaded TP Android_ETC1TargetPlatform
[2019.01.25-00.03.38:851][  0]LogTemp: Display: Loaded TP Android_ETC2TargetPlatform
[2019.01.25-00.03.38:899][  0]LogTemp: Display: Loaded TP Android_MultiTargetPlatform
[2019.01.25-00.03.38:899][  0]LogTemp: Display: Loaded TP Android_PVRTCTargetPlatform
[2019.01.25-00.03.38:933][  0]LogTemp: Display: Loaded TP AndroidTargetPlatform
[2019.01.25-00.03.38:935][  0]LogTemp: Display: Loaded TP HTML5TargetPlatform
[2019.01.25-00.03.38:990][  0]LogTemp: Display: Loaded TP IOSTargetPlatform
[2019.01.25-00.03.39:011][  0]LogTemp: Display: Loaded TP TVOSTargetPlatform
[2019.01.25-00.03.39:034][  0]LogTemp: Display: Loaded TP LinuxClientTargetPlatform
[2019.01.25-00.03.39:056][  0]LogTemp: Display: Loaded TP LinuxNoEditorTargetPlatform
[2019.01.25-00.03.39:077][  0]LogTemp: Display: Loaded TP LinuxServerTargetPlatform
[2019.01.25-00.03.39:105][  0]LogTemp: Display: Loaded TP LinuxTargetPlatform
[2019.01.25-00.03.39:105][  0]LogTargetPlatformManager: Display: Building Assets For Windows
[2019.01.25-00.03.39:339][  0]LogXGEController: Cannot use XGE Controller as Incredibuild is not installed on this machine.
[2019.01.25-00.03.39:339][  0]LogShaderCompilers: Cannot use XGE Shader Compiler as Incredibuild is not installed on this machine.
[2019.01.25-00.03.39:339][  0]LogShaderCompilers: Display: Using Local Shader Compiler.
[2019.01.25-00.03.42:348][  0]LogDerivedDataCache: Display: Max Cache Size: 512 MB
[2019.01.25-00.03.42:501][  0]LogDerivedDataCache: Loaded boot cache 0.15s 74MB C:/Users/Jarod/AppData/Local/UnrealEngine/4.19/DerivedDataCache/Boot.ddc.
[2019.01.25-00.03.42:501][  0]LogDerivedDataCache: Display: Loaded Boot cache: C:/Users/Jarod/AppData/Local/UnrealEngine/4.19/DerivedDataCache/Boot.ddc
[2019.01.25-00.03.42:501][  0]LogDerivedDataCache: FDerivedDataBackendGraph:  Pak pak cache file ../../../../../../Users/Jarod/OneDrive - University of Georgia/Documents/Unreal Projects/BuildingEscape/BuildingEscape/DerivedDataCache/DDC.ddp not found, will not use a pak cache.
[2019.01.25-00.03.42:501][  0]LogDerivedDataCache: Unable to find inner node Pak for hierarchical cache Hierarchy.
[2019.01.25-00.03.42:501][  0]LogDerivedDataCache: FDerivedDataBackendGraph:  CompressedPak pak cache file ../../../../../../Users/Jarod/OneDrive - University of Georgia/Documents/Unreal Projects/BuildingEscape/BuildingEscape/DerivedDataCache/Compressed.ddp not found, will not use a pak cache.
[2019.01.25-00.03.42:501][  0]LogDerivedDataCache: Unable to find inner node CompressedPak for hierarchical cache Hierarchy.
[2019.01.25-00.03.42:538][  0]LogDerivedDataCache: Display: Pak cache opened for reading ../../../Engine/DerivedDataCache/Compressed.ddp.
[2019.01.25-00.03.42:551][  0]LogDerivedDataCache: Using Local data cache path C:/Users/Jarod/AppData/Local/UnrealEngine/Common/DerivedDataCache: Writable
[2019.01.25-00.03.42:551][  0]LogDerivedDataCache: Shared data cache path not found in *engine.ini, will not use an Shared cache.
[2019.01.25-00.03.42:551][  0]LogDerivedDataCache: Unable to find inner node Shared for hierarchical cache Hierarchy.
[2019.01.25-00.03.42:579][  0]LogMaterial: Verifying Global Shaders for PCD3D_SM5
[2019.01.25-00.03.42:580][  0]LogSlate: Using Freetype 2.6.0
[2019.01.25-00.03.42:610][  0]LogSlate: SlateFontCache - WITH_FREETYPE: 1, WITH_HARFBUZZ: 1
[2019.01.25-00.03.42:610][  0]LogSlate: SlateFontCache - WITH_FREETYPE: 1, WITH_HARFBUZZ: 1
[2019.01.25-00.03.43:001][  0]LogAssetRegistry: FAssetRegistry took 0.0318 seconds to start up
[2019.01.25-00.03.43:683][  0]LogInit: Selected Device Profile: [Windows]
[2019.01.25-00.03.44:085][  0]LogSimplygon: Simplygon DLL not present - disabling.
[2019.01.25-00.03.44:090][  0]LogMeshReduction: Using SimplygonSwarm for distributed automatic mesh merging
[2019.01.25-00.03.44:090][  0]LogMeshReduction: Using QuadricMeshReduction for automatic static mesh reduction
[2019.01.25-00.03.44:090][  0]LogMeshReduction: No automatic skeletal mesh reduction module available
[2019.01.25-00.03.44:090][  0]LogMeshReduction: No automatic mesh merging module available
[2019.01.25-00.03.44:090][  0]LogMeshMerging: No automatic mesh merging module available
[2019.01.25-00.03.44:182][  0]LogNetVersion: BuildingEscape , NetCL: 3944462, EngineNetVer: 2, GameNetVer: 0 (Checksum: 4285820645)
[2019.01.25-00.03.45:677][  0]LogPackageLocalizationCache: Processed 9 localized package path(s) for 2 prioritized culture(s) in 0.179685 seconds
[2019.01.25-00.03.45:689][  0]LogUObjectArray: 36728 objects as part of root set at end of initial load.
[2019.01.25-00.03.45:689][  0]LogUObjectAllocator: 7314304 out of 0 bytes used by permanent object pool.
[2019.01.25-00.03.45:689][  0]LogUObjectArray: CloseDisregardForGC: 0/0 objects in disregard for GC pool
[2019.01.25-00.03.51:319][  0]LogTcpMessaging: Initializing TcpMessaging bridge
[2019.01.25-00.03.51:373][  0]LogUdpMessaging: Initializing bridge on interface 0.0.0.0:0 to multicast group 230.0.0.1:6666.
[2019.01.25-00.03.52:174][  0]SourceControl: Source control is disabled
[2019.01.25-00.03.52:174][  0]SourceControl: Source control is disabled
[2019.01.25-00.03.52:211][  0]SourceControl: Source control is disabled
[2019.01.25-00.03.52:247][  0]SourceControl: Source control is disabled
[2019.01.25-00.03.53:228][  0]LogAndroidPermission: UAndroidPermissionCallbackProxy::GetInstance
[2019.01.25-00.03.53:508][  0]LogOcInput: OculusInput pre-init called
[2019.01.25-00.03.53:725][  0]LogEngine: Initializing Engine...
[2019.01.25-00.03.53:726][  0]LogHMD: Failed to initialize OpenVR with code 110
[2019.01.25-00.03.53:729][  0]LogStats: UGameplayTagsManager::ConstructGameplayTagTree: Construct from data asset -  0.000 s
[2019.01.25-00.03.53:729][  0]LogStats: UGameplayTagsManager::ConstructGameplayTagTree: GameplayTagTreeChangedEvent.Broadcast -  0.000 s
[2019.01.25-00.03.54:336][  0]LogAIModule: Creating AISystem for world Untitled
[2019.01.25-00.03.54:351][  0]LogInit: XAudio2 using 'Headphones (High Definition Audio Device)' : 2 channels at 48 kHz using 16 bits per sample (channel mask 0x3)
[2019.01.25-00.03.54:376][  0]LogInit: FAudioDevice initialized.
[2019.01.25-00.03.54:634][  0]LogDerivedDataCache: Saved boot cache 0.26s 74MB C:/Users/Jarod/AppData/Local/UnrealEngine/4.19/DerivedDataCache/Boot.ddc.
[2019.01.25-00.03.54:672][  0]LogInit: Texture streaming: Enabled
[2019.01.25-00.03.54:700][  0]LogEngineSessionManager: EngineSessionManager initialized
[2019.01.25-00.03.54:727][  0]LogInit: Transaction tracking system initialized
[2019.01.25-00.03.54:772][  0]BlueprintLog: New page: Editor Load
[2019.01.25-00.03.54:908][  0]LocalizationService: Localization service is disabled
[2019.01.25-00.03.55:110][  0]LogConsoleResponse: Display: 
[2019.01.25-00.03.55:649][  0]LogCook: Display: Max memory allowance for cook 16384mb min free memory 0mb
[2019.01.25-00.03.55:649][  0]LogCook: Display: Mobile HDR setting 1
[2019.01.25-00.03.55:649][  0]LogGameplayTags: Display: UGameplayTagsManager::DoneAddingNativeTags. DelegateIsBound: 0
[2019.01.25-00.03.55:649][  0]LogStats: UGameplayTagsManager::ConstructGameplayTagTree: Construct from data asset -  0.000 s
[2019.01.25-00.03.55:649][  0]LogStats: UGameplayTagsManager::ConstructGameplayTagTree: GameplayTagTreeChangedEvent.Broadcast -  0.000 s
[2019.01.25-00.03.55:865][  0]LogFileCache: Scanning file cache for directory 'C:/Users/Jarod/OneDrive - University of Georgia/Documents/Unreal Projects/BuildingEscape/BuildingEscape/Content/' took 0.03s
[2019.01.25-00.03.56:475][  0]SourceControl: Source control is disabled
[2019.01.25-00.03.56:484][  0]LightingResults: New page: Lighting Build
[2019.01.25-00.03.56:489][  0]MapCheck: New page: Map Check
[2019.01.25-00.03.56:489][  0]LightingResults: New page: Lighting Build
[2019.01.25-00.03.56:779][  0]LogUObjectGlobals: Created PersistentFrame Addr=0x00000293ba956ba8, Size=56, Default__Openable_Door_BP_C Function /Game/Openable_Door_BP.Openable_Door_BP_C:ExecuteUbergraph_Openable_Door_BP
[2019.01.25-00.03.56:781][  0]LogBlueprint: Warning: Repaired invalid component bound event in node /Game/Openable_Door_BP.Openable_Door_BP:EventGraph.K2Node_ComponentBoundEvent_0.
[2019.01.25-00.03.56:781][  0]LogBlueprint: Warning: Repaired invalid component bound event in node /Game/Openable_Door_BP.Openable_Door_BP:EventGraph.K2Node_ComponentBoundEvent_1.
[2019.01.25-00.03.56:782][  0]LogLinker: Warning: Unable to load OpenDoor_GEN_VARIABLE with outer BlueprintGeneratedClass /Game/Openable_Door_BP.Openable_Door_BP_C because its class does not exist
[2019.01.25-00.03.56:783][  0]LogBlueprint: Warning: [Compiler Openable_Door_BP] Component class is not set for 'OpenDoor' - this component will not be instanced, and additional warnings or errors may occur when compiling Blueprint 'Openable_Door_BP'.
[2019.01.25-00.03.56:785][  0]LogUObjectGlobals: Destroyed PersistentFrame Addr=0x00000293ba956ba8, Size=56
[2019.01.25-00.03.56:785][  0]LogUObjectGlobals: Created PersistentFrame Addr=0x00000293ba956ba8, Size=56, Default__Openable_Door_BP_C Function /Engine/Transient.REINST_Openable_Door_BP_C_5:ExecuteUbergraph_Openable_Door_BP
[2019.01.25-00.03.56:791][  0]LogUObjectGlobals: Created PersistentFrame Addr=0x00000293ba9578c8, Size=56, Default__Openable_Door_BP_C Function /Game/Openable_Door_BP.Openable_Door_BP_C:ExecuteUbergraph_Openable_Door_BP
[2019.01.25-00.03.56:793][  0]LogBlueprint: Warning: [Compiler Openable_Door_BP] [0028.89] Compile of Openable_Door_BP successful, but with 1 Warning(s) [in 11 ms] (/Game/Openable_Door_BP.Openable_Door_BP)
[2019.01.25-00.03.56:839][  0]LogLinker: Warning: Can't find file '/Game/StarterContent/Textures/T_Wood_Floor_Walnut_Mat'
[2019.01.25-00.03.56:839][  0]LogLinker: Warning: Can't find file for asset '/Game/StarterContent/Textures/T_Wood_Floor_Walnut_Mat' while loading ../../../../../../Users/Jarod/OneDrive - University of Georgia/Documents/Unreal Projects/BuildingEscape/BuildingEscape/Content/Maps/NewMap.umap.
[2019.01.25-00.03.56:839][  0]LoadErrors: Error: /Game/Maps/NewMap : Can't find file for asset. /Game/StarterContent/Textures/T_Wood_Floor_Walnut_Mat
[2019.01.25-00.03.56:900][  0]LogLinker: Warning: Can't find file '/Game/StarterContent/Textures/T_Wood_Floor_Walnut_Mat'
[2019.01.25-00.03.56:900][  0]LogLinker: Warning: Can't find file for asset '/Game/StarterContent/Textures/T_Wood_Floor_Walnut_Mat' while loading ../../../../../../Users/Jarod/OneDrive - University of Georgia/Documents/Unreal Projects/BuildingEscape/BuildingEscape/Content/Maps/NewMap.umap.
[2019.01.25-00.03.56:900][  0]LoadErrors: Error: /Game/Maps/NewMap : Can't find file for asset. /Game/StarterContent/Textures/T_Wood_Floor_Walnut_Mat
[2019.01.25-00.03.56:966][  0]LogTexture: Display: Building textures: LQ_Lightmap_1_2 (DXT1, 64X64)
[2019.01.25-00.03.56:966][  0]LogTexture: Display: Building textures: HQ_Lightmap1_2 (AutoDXT, 64X64)
[2019.01.25-00.03.56:966][  0]LogTexture: Display: Building textures: LQ_Lightmap_1_1 (DXT1, 1024X1024)
[2019.01.25-00.03.56:966][  0]LogTexture: Display: Building textures: HQ_Lightmap1_1 (AutoDXT, 1024X1024)
[2019.01.25-00.03.56:966][  0]LogLinker: Warning: Can't find file '/Game/StarterContent/Textures/T_Wood_Floor_Walnut_Mat'
[2019.01.25-00.03.56:967][  0]LoadErrors: Failed to load /Game/StarterContent/Textures/T_Wood_Floor_Walnut_Mat.T_Wood_Floor_Walnut_Mat Referenced by StaticMeshComponent0
[2019.01.25-00.03.56:967][  0]LogLinker: Warning: Can't find file for asset '/Game/StarterContent/Textures/T_Wood_Floor_Walnut_Mat' while loading NULL.
[2019.01.25-00.03.56:967][  0]LoadErrors: Failed to load /Game/StarterContent/Textures/T_Wood_Floor_Walnut_Mat.T_Wood_Floor_Walnut_Mat Referenced by StaticMeshComponent0
[2019.01.25-00.03.57:429][  0]LogAIModule: Creating AISystem for world NewMap
[2019.01.25-00.03.57:448][  0]LogEditorServer: Finished looking for orphan Actors (0.000 secs)
[2019.01.25-00.03.57:481][  0]LogUObjectGlobals: Destroyed PersistentFrame Addr=0x00000293ba956ba8, Size=56
[2019.01.25-00.03.57:482][  0]Cmd: MAP CHECKDEP NOCLEARLOG
[2019.01.25-00.03.57:612][  0]MapCheck: Map check complete: 0 Error(s), 0 Warning(s), took 130.036ms to complete.
[2019.01.25-00.03.57:612][  0]LogFileHelpers: Loading map 'NewMap' took 1.137
[2019.01.25-00.03.57:751][  0]LogCollectionManager: Loaded 0 collections in 0.003698 seconds
[2019.01.25-00.03.57:834][  0]LogFileCache: Scanning file cache for directory 'C:/Users/Jarod/OneDrive - University of Georgia/Documents/Unreal Projects/BuildingEscape/BuildingEscape/Saved/Collections/' took 0.01s
[2019.01.25-00.03.57:834][  0]LogFileCache: Scanning file cache for directory 'C:/Users/Jarod/OneDrive - University of Georgia/Documents/Unreal Projects/BuildingEscape/BuildingEscape/Content/Developers/Jarod/Collections/' took 0.01s
[2019.01.25-00.03.57:835][  0]LogFileCache: Scanning file cache for directory 'C:/Users/Jarod/OneDrive - University of Georgia/Documents/Unreal Projects/BuildingEscape/BuildingEscape/Content/Collections/' took 0.01s
[2019.01.25-00.03.57:835][  0]LogCollectionManager: Rebuilt the GUID cache for 0 collections in 0.000001 seconds
[2019.01.25-00.03.57:855][  0]LogContentBrowser: Native class hierarchy populated in 0.0186 seconds. Added 2456 classes and 560 folders.
[2019.01.25-00.03.57:875][  0]LogContentBrowser: Native class hierarchy updated for 'WidgetCarousel' in 0.0015 seconds. Added 0 classes and 0 folders.
[2019.01.25-00.03.58:488][  0]LogContentBrowser: Native class hierarchy updated for 'AddContentDialog' in 0.0018 seconds. Added 0 classes and 0 folders.
[2019.01.25-00.03.58:635][  0]LogContentBrowser: Native class hierarchy updated for 'SceneOutliner' in 0.0017 seconds. Added 1 classes and 2 folders.
[2019.01.25-00.03.58:707][  0]LogSlate: Took 0.009106 seconds to synchronously load lazily loaded font '../../../Engine/Content/Slate/Fonts/Roboto-Regular.ttf' (155K)
[2019.01.25-00.03.58:718][  0]LogSlate: Took 0.008489 seconds to synchronously load lazily loaded font '../../../Engine/Content/Editor/Slate/Fonts/FontAwesome.ttf' (139K)
[2019.01.25-00.03.58:723][  0]LogSlate: Took 0.004824 seconds to synchronously load lazily loaded font '../../../Engine/Content/Slate/Fonts/Roboto-Bold.ttf' (160K)
[2019.01.25-00.03.58:741][  0]LogSlate: Took 0.007649 seconds to synchronously load lazily loaded font '../../../Engine/Content/Slate/Fonts/DroidSansMono.ttf' (77K)
[2019.01.25-00.03.59:008][  0]LogRenderer: Reallocating scene render targets to support 1156x576 Format 10 NumSamples 1 (Frame:1).
[2019.01.25-00.03.59:302][  0]LogContentBrowser: Native class hierarchy updated for 'HierarchicalLODOutliner' in 0.0019 seconds. Added 0 classes and 0 folders.
[2019.01.25-00.03.59:302][  0]LogLoad: (Engine Initialization) Total time: 31.40 seconds
[2019.01.25-00.03.59:302][  0]LogLoad: (Engine Initialization) Total Blueprint compile time: 0.00 seconds
[2019.01.25-00.03.59:349][  0]LogContentStreaming: Texture pool size now 1000 MB
[2019.01.25-00.03.59:361][  0]LogSlate: FSceneViewport::OnFocusLost() reason 2
[2019.01.25-00.04.00:044][  2]LogAssetRegistry: Asset discovery search completed in 17.0642 seconds
[2019.01.25-00.04.00:047][  2]LogCollectionManager: Rebuilt the object cache for 0 collections in 0.000001 seconds (found 0 objects)
[2019.01.25-00.04.00:048][  2]LogCollectionManager: Fixed up redirectors for 0 collections in 0.000321 seconds (updated 0 objects)
[2019.01.25-00.04.05:910][286]LogSlate: FSceneViewport::OnFocusLost() reason 0
[2019.01.25-00.04.05:983][292]LogTemp: Repeating last play command: Selected Viewport
[2019.01.25-00.04.06:000][292]LogPlayLevel: PlayLevel: No blueprints needed recompiling
[2019.01.25-00.04.06:003][292]PIE: New page: PIE session: NewMap (Jan 24, 2019, 2:04:06 PM)
[2019.01.25-00.04.06:003][292]LogPlayLevel: Creating play world package: /Game/Maps/UEDPIE_0_NewMap
[2019.01.25-00.04.06:015][292]LogPlayLevel: PIE: StaticDuplicateObject took: (0.011856s)
[2019.01.25-00.04.06:016][292]LogAIModule: Creating AISystem for world NewMap
[2019.01.25-00.04.06:016][292]LogPlayLevel: PIE: World Init took: (0.001202s)
[2019.01.25-00.04.06:016][292]LogPlayLevel: PIE: Created PIE world by copying editor world from /Game/Maps/NewMap.NewMap to /Game/Maps/UEDPIE_0_NewMap.NewMap (0.013663s)
[2019.01.25-00.04.06:068][292]LogInit: XAudio2 using 'Headphones (High Definition Audio Device)' : 2 channels at 48 kHz using 16 bits per sample (channel mask 0x3)
[2019.01.25-00.04.06:079][292]LogInit: FAudioDevice initialized.
[2019.01.25-00.04.06:163][292]LogLoad: Game class is 'BuildingEscapeGameModeBase_BP_C'
[2019.01.25-00.04.06:167][292]LogWorld: Bringing World /Game/Maps/UEDPIE_0_NewMap.NewMap up for play (max tick rate 0) at 2019.01.24-19.04.06
[2019.01.25-00.04.06:169][292]LogWorld: Bringing up level for play took: 0.003556
[2019.01.25-00.04.06:182][292]LogContentBrowser: Native class hierarchy updated for 'MovieSceneCapture' in 0.0016 seconds. Added 11 classes and 0 folders.
[2019.01.25-00.04.06:186][292]PIE: Play in editor start time for /Game/Maps/UEDPIE_0_NewMap 0.152
[2019.01.25-00.04.12:271][542]LogSlate: FSceneViewport::OnFocusLost() reason 0
[2019.01.25-00.04.23:107][964]LogSlate: Took 0.007629 seconds to synchronously load lazily loaded font '../../../Engine/Content/Slate/Fonts/Roboto-Light.ttf' (167K)
[2019.01.25-00.04.23:111][964]LogSlate: FSceneViewport::OnFocusLost() reason 2
[2019.01.25-00.04.23:278][964]LogSavePackage: Save=80.36ms
[2019.01.25-00.04.23:278][964]LogSavePackage: Moving '../../../../../../Users/Jarod/OneDrive - University of Georgia/Documents/Unreal Projects/BuildingEscape/BuildingEscape/Saved/NewMapF42D7ADD4DE176A999B96A8F2D449CF0.tmp' to '../../../../../../Users/Jarod/OneDrive - University of Georgia/Documents/Unreal Projects/BuildingEscape/BuildingEscape/Content/Maps/NewMap.umap'
[2019.01.25-00.04.23:288][964]LogSavePackage: Display: Finished SavePackage ../../../../../../Users/Jarod/OneDrive - University of Georgia/Documents/Unreal Projects/BuildingEscape/BuildingEscape/Content/Maps/NewMap.umap
[2019.01.25-00.04.23:552][964]LogSavePackage: Save=174.29ms
[2019.01.25-00.04.23:553][964]LogSavePackage: Moving '../../../../../../Users/Jarod/OneDrive - University of Georgia/Documents/Unreal Projects/BuildingEscape/BuildingEscape/Saved/NewMap_BuiltData953D647F472C40E6B8DC55A8CDC6B5E8.tmp' to '../../../../../../Users/Jarod/OneDrive - University of Georgia/Documents/Unreal Projects/BuildingEscape/BuildingEscape/Content/Maps/NewMap_BuiltData.uasset'
[2019.01.25-00.04.23:557][964]LogSavePackage: Display: Finished SavePackage ../../../../../../Users/Jarod/OneDrive - University of Georgia/Documents/Unreal Projects/BuildingEscape/BuildingEscape/Content/Maps/NewMap_BuiltData.uasset
[2019.01.25-00.04.25:557][ 29]LogSlate: FSceneViewport::OnFocusLost() reason 0
[2019.01.25-00.04.25:624][ 32]MapCheck: New page: Map Check
[2019.01.25-00.04.25:666][ 32]Cmd: MAP REBUILD ALLVISIBLE
[2019.01.25-00.04.25:666][ 32]LogEditorServer: Rebuildmap Clear paths rebuilt
[2019.01.25-00.04.25:746][ 32]LogMaterial: Missing cached shader map for material FDebugViewModeMaterialProxy WorldGridMaterial, compiling. Is special engine material.
[2019.01.25-00.04.25:762][ 32]LogShaderCompilers: Display: Shaders left to compile 1
[2019.01.25-00.04.25:762][ 32]LogMaterial: Missing cached shader map for material FDebugViewModeMaterialProxy M_Wood_Floor_Walnut_Polished, compiling. 
[2019.01.25-00.04.25:770][ 32]LogMaterial: Missing cached shader map for material FDebugViewModeMaterialProxy MaterialInstanceDynamic_1, compiling. 
[2019.01.25-00.04.25:778][ 32]LogMaterial: Missing cached shader map for material FDebugViewModeMaterialProxy M_Chair, compiling. 
[2019.01.25-00.04.25:789][ 32]LogMaterial: Missing cached shader map for material FDebugViewModeMaterialProxy M_TableRound, compiling. 
[2019.01.25-00.04.25:795][ 32]LogMaterial: Missing cached shader map for material FDebugViewModeMaterialProxy M_Frame, compiling. 
[2019.01.25-00.04.25:803][ 32]LogMaterial: Missing cached shader map for material FDebugViewModeMaterialProxy M_Brick_Clay_New, compiling. 
[2019.01.25-00.04.25:812][ 32]LogMaterial: Missing cached shader map for material FDebugViewModeMaterialProxy My_Pulse, compiling. 
[2019.01.25-00.04.25:820][ 32]LogMaterial: Missing cached shader map for material FDebugViewModeMaterialProxy M_Door, compiling. 
[2019.01.25-00.04.25:830][ 32]LogMaterial: Missing cached shader map for material FDebugViewModeMaterialProxy M_Glass, compiling. 
[2019.01.25-00.04.28:037][ 32]LogShaderCompilers: Display: Shaders left to compile 9
[2019.01.25-00.04.28:038][ 32]LogShaderCompilers: Display: Shaders left to compile 8
[2019.01.25-00.04.28:038][ 32]LogShaderCompilers: Display: Shaders left to compile 7
[2019.01.25-00.04.28:038][ 32]LogShaderCompilers: Display: Shaders left to compile 6
[2019.01.25-00.04.28:038][ 32]LogShaderCompilers: Display: Shaders left to compile 5
[2019.01.25-00.04.28:038][ 32]LogShaderCompilers: Display: Shaders left to compile 4
[2019.01.25-00.04.28:038][ 32]LogShaderCompilers: Display: Shaders left to compile 3
[2019.01.25-00.04.28:038][ 32]LogShaderCompilers: Display: Shaders left to compile 2
[2019.01.25-00.04.28:038][ 32]LogShaderCompilers: Display: Shaders left to compile 1
[2019.01.25-00.04.28:039][ 32]TextureStreamingBuild: Display: Compiling optional shaders took 2.302 seconds.
[2019.01.25-00.04.28:117][ 32]LogLevel: Display: Export Material TexCoord Scales took 0.078 seconds.
[2019.01.25-00.04.28:130][ 32]TextureStreamingBuild: Display: Build Texture Streaming took 0.013 seconds.
[2019.01.25-00.04.28:158][ 32]LightingResults: New page: Lighting Build - Jan 24, 2019, 2:04:28 PM
[2019.01.25-00.04.28:238][ 32]LogSwarmInterface: [OpenConnection] Registering TCP channel ...
[2019.01.25-00.04.28:339][ 32]LogSwarmInterface: [OpenConnection] Connecting to agent ...
[2019.01.25-00.04.28:394][ 32]LogSwarmInterface: [TryOpenConnection] Testing the Agent
[2019.01.25-00.04.28:905][ 32]LogSwarmInterface: [TryOpenConnection] Opening Connection to Agent
[2019.01.25-00.04.28:905][ 32]LogSwarmInterface: [TryOpenConnection] Local Process ID is 5936
[2019.01.25-00.04.31:725][ 32]LogStaticLightingSystem: Warning: No importance volume found, so the scene bounding box was used.  You can optimize your scene's quality and lighting build times by adding importance volumes.
[2019.01.25-00.04.31:726][ 32]LogStaticLightingSystem: Running Lightmass w/ ImmediateImport mode ENABLED
[2019.01.25-00.04.31:727][ 32]LogStaticLightingSystem: Running Lightmass w/ ImmediateProcess mode ENABLED
[2019.01.25-00.04.31:727][ 32]LogStaticLightingSystem: Running Lightmass w/ Sorting mode ENABLED
[2019.01.25-00.04.31:727][ 32]LogStaticLightingSystem: Running Lightmass w/ Mapping paddings ENABLED
[2019.01.25-00.04.31:727][ 32]LogStaticLightingSystem: Running Lightmass w/ Mapping debug paddings DISABLED
[2019.01.25-00.04.31:925][ 32]Cmd: MAP CHECK DONTDISPLAYDIALOG
[2019.01.25-00.04.31:926][ 32]MapCheck: New page: NewMap - Jan 24, 2019, 2:04:31 PM
[2019.01.25-00.04.31:937][ 32]MapCheck: Error: WorldSettings_1 Maps need lighting rebuilt 
[2019.01.25-00.04.34:322][ 32]MapCheck: Map check complete: 1 Error(s), 0 Warning(s), took 2,396.64ms to complete.
[2019.01.25-00.04.34:346][ 32]LogEditorBuildUtils: Build time 0:08
[2019.01.25-00.04.38:512][118]Job is a success!
[2019.01.25-00.04.38:558][119]LogSlate: FSceneViewport::OnFocusLost() reason 2
[2019.01.25-00.04.38:618][119]LogVolumetricLightmapImport: Imported Volumetric Lightmap in 0.012s
[2019.01.25-00.04.38:618][119]LogVolumetricLightmapImport:      Indirection Texture 16x16x16 = 0.0Mb
[2019.01.25-00.04.38:618][119]LogVolumetricLightmapImport:      BrickData 50x5x5 = 0.0Mb
[2019.01.25-00.04.38:618][119]LogVolumetricLightmapImport:      Bricks at Level
[2019.01.25-00.04.38:618][119]LogVolumetricLightmapImport:          0: 10.0% covering 100.0% of volume
[2019.01.25-00.04.38:619][119]LogVolumetricLightmapImport:          1: 10.0% covering 1.6% of volume
[2019.01.25-00.04.38:619][119]LogVolumetricLightmapImport:          2: 80.0% covering 0.2% of volume
[2019.01.25-00.04.39:037][119]LogTexture: Display: Building textures: HQ_Lightmap0_1 (AutoDXT, 1024X1024)
[2019.01.25-00.04.39:038][119]LogTexture: Display: Building textures: LQ_Lightmap_0_1 (DXT1, 1024X1024)
[2019.01.25-00.04.39:038][119]LogTexture: Display: Building textures: HQ_Lightmap0_2 (AutoDXT, 64X64)
[2019.01.25-00.04.39:038][119]LogTexture: Display: Building textures: LQ_Lightmap_0_2 (DXT1, 64X64)
[2019.01.25-00.04.39:165][119]LogTexture: Display: Building textures: ShadowMapTexture2D_3 (G8, 32X32)
[2019.01.25-00.04.39:165][119]LogTexture: Display: Building textures: ShadowMapTexture2D_2 (BGRA8, 1024X256)
[2019.01.25-00.04.39:205][119]Lightmass on JARODS-DESKTOP: 3.42 sec total, 282 ms importing, 33 ms setup, 687 ms photons, 2.37 sec processing, 0 ms extra exporting [16/16 mappings]. Threads: 16.4 sec total, 7.38 sec processing.
[2019.01.25-00.04.39:259][119]LogStaticLightingSystem: Illumination: 11.0 sec (394 ms encoding lightmaps, 117 ms encoding shadowmaps)
[2019.01.25-00.04.39:260][119]LogStaticLightingSystem: Lightmap texture memory:  2.0 MB (2.0 MB streaming, 0.0 MB non-streaming), 4 textures
[2019.01.25-00.04.39:260][119]LogStaticLightingSystem: Shadowmap texture memory: 1.3 MB (1.3 MB streaming, 0.0 MB non-streaming), 2 textures
[2019.01.25-00.04.39:736][119]DumpUnbuiltLightIteractions
[2019.01.25-00.04.39:737][119]Lights with unbuilt interactions: 0
[2019.01.25-00.04.39:737][119]
[2019.01.25-00.04.39:737][119]Primitives with unbuilt interactions: 0
[2019.01.25-00.04.39:932][120]Cmd: MAP CHECK NOTIFYRESULTS
[2019.01.25-00.04.39:933][120]MapCheck: New page: NewMap - Jan 24, 2019, 2:04:39 PM
[2019.01.25-00.04.40:045][120]MapCheck: Map check complete: 0 Error(s), 0 Warning(s), took 112.756ms to complete.
[2019.01.25-00.04.41:430][161]LogTemp: Repeating last play command: Selected Viewport
[2019.01.25-00.04.41:449][161]LogPlayLevel: PlayLevel: No blueprints needed recompiling
[2019.01.25-00.04.41:449][161]PIE: New page: PIE session: NewMap (Jan 24, 2019, 2:04:41 PM)
[2019.01.25-00.04.41:449][161]LogPlayLevel: Creating play world package: /Game/Maps/UEDPIE_0_NewMap
[2019.01.25-00.04.41:454][161]LogPlayLevel: PIE: StaticDuplicateObject took: (0.005027s)
[2019.01.25-00.04.41:455][161]LogAIModule: Creating AISystem for world NewMap
[2019.01.25-00.04.41:456][161]LogPlayLevel: PIE: World Init took: (0.001064s)
[2019.01.25-00.04.41:456][161]LogPlayLevel: PIE: Created PIE world by copying editor world from /Game/Maps/NewMap.NewMap to /Game/Maps/UEDPIE_0_NewMap.NewMap (0.006700s)
[2019.01.25-00.04.41:499][161]LogInit: XAudio2 using 'Headphones (High Definition Audio Device)' : 2 channels at 48 kHz using 16 bits per sample (channel mask 0x3)
[2019.01.25-00.04.41:511][161]LogInit: FAudioDevice initialized.
[2019.01.25-00.04.41:546][161]LogLoad: Game class is 'BuildingEscapeGameModeBase_BP_C'
[2019.01.25-00.04.41:548][161]LogWorld: Bringing World /Game/Maps/UEDPIE_0_NewMap.NewMap up for play (max tick rate 0) at 2019.01.24-19.04.41
[2019.01.25-00.04.41:549][161]LogWorld: Bringing up level for play took: 0.001910
[2019.01.25-00.04.41:551][161]PIE: Play in editor start time for /Game/Maps/UEDPIE_0_NewMap -0.483
[2019.01.25-00.05.40:019][588]LogSlate: FSceneViewport::OnFocusLost() reason 0
[2019.01.25-00.05.40:263][593]LogSavePackage: Save=66.46ms
[2019.01.25-00.05.40:263][593]LogSavePackage: Moving '../../../../../../Users/Jarod/OneDrive - University of Georgia/Documents/Unreal Projects/BuildingEscape/BuildingEscape/Saved/NewMap0CB9FE1642866B2AD78855AF7EC2F4DC.tmp' to '../../../../../../Users/Jarod/OneDrive - University of Georgia/Documents/Unreal Projects/BuildingEscape/BuildingEscape/Content/Maps/NewMap.umap'
[2019.01.25-00.05.40:273][593]LogSavePackage: Display: Finished SavePackage ../../../../../../Users/Jarod/OneDrive - University of Georgia/Documents/Unreal Projects/BuildingEscape/BuildingEscape/Content/Maps/NewMap.umap
[2019.01.25-00.05.40:396][593]LogSavePackage: Save=86.03ms
[2019.01.25-00.05.40:396][593]LogSavePackage: Moving '../../../../../../Users/Jarod/OneDrive - University of Georgia/Documents/Unreal Projects/BuildingEscape/BuildingEscape/Saved/NewMap_BuiltDataD03F730C4A98E922973202BB71E71928.tmp' to '../../../../../../Users/Jarod/OneDrive - University of Georgia/Documents/Unreal Projects/BuildingEscape/BuildingEscape/Content/Maps/NewMap_BuiltData.uasset'
[2019.01.25-00.05.40:402][593]LogSavePackage: Display: Finished SavePackage ../../../../../../Users/Jarod/OneDrive - University of Georgia/Documents/Unreal Projects/BuildingEscape/BuildingEscape/Content/Maps/NewMap_BuiltData.uasset
[2019.01.25-16.25.17:250][871]LogSlate: FSceneViewport::OnFocusLost() reason 2
[2019.01.25-16.25.24:383][138]LogSlate: Window 'Message Log' being destroyed
[2019.01.25-16.25.24:386][138]LogSlate: Window 'BuildingEscape - Unreal Editor' being destroyed
[2019.01.25-16.25.24:387][138]LogWindowsTextInputMethodSystem: Display: IME system now deactivated.
[2019.01.25-16.25.24:640][139]Cmd: QUIT_EDITOR
[2019.01.25-16.25.25:371][139]LogSlate: Slate User Destroyed.  User Index 0, Is Virtual User: 0
[2019.01.25-16.25.25:372][139]LogExit: Preparing to exit.
[2019.01.25-16.25.25:948][139]LogDirectoryWatcher: A directory notification for 'C:/Users/Jarod/OneDrive - University of Georgia/Documents/Unreal Projects/BuildingEscape/BuildingEscape/Content/' was aborted.
[2019.01.25-16.25.25:986][139]LogExit: Editor shut down
[2019.01.25-16.25.26:003][139]LogExit: Transaction tracking system shut down
[2019.01.25-16.25.26:005][139]LogUObjectGlobals: Destroyed PersistentFrame Addr=0x00000293ba9578c8, Size=56
[2019.01.25-16.25.26:191][139]LogDirectoryWatcher: A directory notification for '../../../Engine/Content/' was aborted.
[2019.01.25-16.25.26:191][139]LogDirectoryWatcher: A directory notification for '../../../../../../Users/Jarod/OneDrive - University of Georgia/Documents/Unreal Projects/BuildingEscape/BuildingEscape/Content/' was aborted.
[2019.01.25-16.25.26:191][139]LogDirectoryWatcher: A directory notification for '../../Plugins/2D/Paper2D/Content/' was aborted.
[2019.01.25-16.25.26:192][139]LogDirectoryWatcher: A directory notification for '../../Plugins/Enterprise/DatasmithContent/Content/' was aborted.
[2019.01.25-16.25.26:192][139]LogDirectoryWatcher: A directory notification for '../../Plugins/Media/MediaCompositing/Content/' was aborted.
[2019.01.25-16.25.26:192][139]LogDirectoryWatcher: A directory notification for '../../Plugins/Runtime/AppleARKit/Content/' was aborted.
[2019.01.25-16.25.26:192][139]LogDirectoryWatcher: A directory notification for '../../Plugins/Runtime/Oculus/OculusVR/Content/' was aborted.
[2019.01.25-16.25.26:192][139]LogDirectoryWatcher: A directory notification for '../../Plugins/Runtime/Steam/SteamVR/Content/' was aborted.
[2019.01.25-16.25.26:291][139]LogExit: Object subsystem successfully closed.
[2019.01.25-16.25.26:318][139]LogShaderCompilers: Display: Shaders left to compile 0
[2019.01.25-16.25.26:323][139]LogD3D11RHI: Shutdown
[2019.01.25-16.25.26:323][139]LogD3D11RHI: CleanupD3DDevice
[2019.01.25-16.25.26:328][139]LogD3D11RHI: ~FD3D11DynamicRHI
[2019.01.25-16.25.26:362][139]LogModuleManager: Shutting down and abandoning module HierarchicalLODUtilities (580)
[2019.01.25-16.25.26:362][139]LogModuleManager: Shutting down and abandoning module MovieSceneCapture (578)
[2019.01.25-16.25.26:362][139]LogModuleManager: Shutting down and abandoning module HierarchicalLODOutliner (576)
[2019.01.25-16.25.26:362][139]LogModuleManager: Shutting down and abandoning module DesktopPlatform (574)
[2019.01.25-16.25.26:362][139]LogModuleManager: Shutting down and abandoning module SceneOutliner (572)
[2019.01.25-16.25.26:362][139]LogModuleManager: Shutting down and abandoning module AddContentDialog (570)
[2019.01.25-16.25.26:363][139]LogDirectoryWatcher: A directory notification for 'C:/Program Files/Epic Games/UE_4.19/FeaturePacks/' was aborted.
[2019.01.25-16.25.26:364][139]LogModuleManager: Shutting down and abandoning module WidgetCarousel (569)
[2019.01.25-16.25.26:364][139]LogModuleManager: Shutting down and abandoning module EditorWidgets (566)
[2019.01.25-16.25.26:364][139]LogModuleManager: Shutting down and abandoning module CollectionManager (564)
[2019.01.25-16.25.26:364][139]LogDirectoryWatcher: A directory notification for 'C:/Users/Jarod/OneDrive - University of Georgia/Documents/Unreal Projects/BuildingEscape/BuildingEscape/Content/Collections/' was aborted.
[2019.01.25-16.25.26:364][139]LogDirectoryWatcher: A directory notification for 'C:/Users/Jarod/OneDrive - University of Georgia/Documents/Unreal Projects/BuildingEscape/BuildingEscape/Content/Developers/Jarod/Collections/' was aborted.
[2019.01.25-16.25.26:364][139]LogDirectoryWatcher: A directory notification for 'C:/Users/Jarod/OneDrive - University of Georgia/Documents/Unreal Projects/BuildingEscape/BuildingEscape/Saved/Collections/' was aborted.
[2019.01.25-16.25.26:365][139]LogModuleManager: Shutting down and abandoning module StatsViewer (562)
[2019.01.25-16.25.26:365][139]LogModuleManager: Shutting down and abandoning module FoliageEdit (560)
[2019.01.25-16.25.26:365][139]LogModuleManager: Shutting down and abandoning module LandscapeEditor (558)
[2019.01.25-16.25.26:365][139]LogModuleManager: Shutting down and abandoning module MeshPaintMode (556)
[2019.01.25-16.25.26:365][139]LogModuleManager: Shutting down and abandoning module SceneDepthPickerMode (554)
[2019.01.25-16.25.26:365][139]LogModuleManager: Shutting down and abandoning module ActorPickerMode (552)
[2019.01.25-16.25.26:365][139]LogModuleManager: Shutting down and abandoning module GeometryMode (550)
[2019.01.25-16.25.26:365][139]LogModuleManager: Shutting down and abandoning module TextureAlignMode (548)
[2019.01.25-16.25.26:365][139]LogModuleManager: Shutting down and abandoning module BspMode (546)
[2019.01.25-16.25.26:365][139]LogModuleManager: Shutting down and abandoning module PIEPreviewDeviceProfileSelector (544)
[2019.01.25-16.25.26:365][139]LogModuleManager: Shutting down and abandoning module HardwareSurvey (542)
[2019.01.25-16.25.26:365][139]LogModuleManager: Shutting down and abandoning module SequenceRecorderSections (540)
[2019.01.25-16.25.26:365][139]LogModuleManager: Shutting down and abandoning module AutomationWorker (538)
[2019.01.25-16.25.26:365][139]LogModuleManager: Shutting down and abandoning module AudioCaptureEditor (536)
[2019.01.25-16.25.26:365][139]LogModuleManager: Shutting down and abandoning module SequenceRecorder (535)
[2019.01.25-16.25.26:365][139]LogModuleManager: Shutting down and abandoning module MatineeToLevelSequence (532)
[2019.01.25-16.25.26:365][139]LogModuleManager: Shutting down and abandoning module LevelSequenceEditor (530)
[2019.01.25-16.25.26:365][139]LogModuleManager: Shutting down and abandoning module PlacementMode (529)
[2019.01.25-16.25.26:365][139]LogModuleManager: Shutting down and abandoning module MaterialEditor (528)
[2019.01.25-16.25.26:365][139]LogModuleManager: Shutting down and abandoning module WmfMediaFactory (524)
[2019.01.25-16.25.26:365][139]LogModuleManager: Shutting down and abandoning module WmfMediaEditor (522)
[2019.01.25-16.25.26:366][139]LogModuleManager: Shutting down and abandoning module MediaPlayerEditor (520)
[2019.01.25-16.25.26:366][139]LogModuleManager: Shutting down and abandoning module OpenExrWrapper (518)
[2019.01.25-16.25.26:366][139]LogModuleManager: Shutting down and abandoning module ImgMediaFactory (516)
[2019.01.25-16.25.26:366][139]LogModuleManager: Shutting down and abandoning module ImgMediaEditor (514)
[2019.01.25-16.25.26:366][139]LogModuleManager: Shutting down and abandoning module AvfMediaFactory (512)
[2019.01.25-16.25.26:366][139]LogModuleManager: Shutting down and abandoning module AvfMediaEditor (510)
[2019.01.25-16.25.26:366][139]LogModuleManager: Shutting down and abandoning module AndroidMediaFactory (508)
[2019.01.25-16.25.26:366][139]LogModuleManager: Shutting down and abandoning module AndroidMediaEditor (506)
[2019.01.25-16.25.26:366][139]LogModuleManager: Shutting down and abandoning module CharacterAI (504)
[2019.01.25-16.25.26:366][139]LogModuleManager: Shutting down and abandoning module SmartSnapping (502)
[2019.01.25-16.25.26:366][139]LogModuleManager: Shutting down and abandoning module SessionServices (500)
[2019.01.25-16.25.26:366][139]LogModuleManager: Shutting down and abandoning module ViewportSnapping (498)
[2019.01.25-16.25.26:366][139]LogModuleManager: Shutting down and abandoning module ViewportInteraction (496)
[2019.01.25-16.25.26:366][139]LogModuleManager: Shutting down and abandoning module ClothPainter (494)
[2019.01.25-16.25.26:366][139]LogModuleManager: Shutting down and abandoning module SkeletalMeshEditor (493)
[2019.01.25-16.25.26:366][139]LogModuleManager: Shutting down and abandoning module LogVisualizer (490)
[2019.01.25-16.25.26:366][139]LogModuleManager: Shutting down and abandoning module IntroTutorials (488)
[2019.01.25-16.25.26:366][139]LogModuleManager: Shutting down and abandoning module GameProjectGeneration (487)
[2019.01.25-16.25.26:366][139]LogModuleManager: Shutting down and abandoning module IOSPlatformEditor (484)
[2019.01.25-16.25.26:366][139]LogModuleManager: Shutting down and abandoning module HTML5PlatformEditor (482)
[2019.01.25-16.25.26:366][139]LogModuleManager: Shutting down and abandoning module AndroidPlatformEditor (480)
[2019.01.25-16.25.26:366][139]LogModuleManager: Shutting down and abandoning module AndroidDeviceDetection (479)
[2019.01.25-16.25.26:660][139]LogModuleManager: Shutting down and abandoning module WindowsPlatformEditor (476)
[2019.01.25-16.25.26:661][139]LogModuleManager: Shutting down and abandoning module IOSRuntimeSettings (474)
[2019.01.25-16.25.26:661][139]LogModuleManager: Shutting down and abandoning module AndroidRuntimeSettings (472)
[2019.01.25-16.25.26:661][139]LogModuleManager: Shutting down and abandoning module InputBindingEditor (470)
[2019.01.25-16.25.26:661][139]LogModuleManager: Shutting down and abandoning module MergeActors (468)
[2019.01.25-16.25.26:661][139]LogModuleManager: Shutting down and abandoning module LocalizationDashboard (466)
[2019.01.25-16.25.26:661][139]LogModuleManager: Shutting down and abandoning module LocalizationService (465)
[2019.01.25-16.25.26:661][139]LogModuleManager: Shutting down and abandoning module HardwareTargeting (462)
[2019.01.25-16.25.26:661][139]LogModuleManager: Shutting down and abandoning module DeviceProfileEditor (460)
[2019.01.25-16.25.26:661][139]LogModuleManager: Shutting down and abandoning module UndoHistory (458)
[2019.01.25-16.25.26:661][139]LogModuleManager: Shutting down and abandoning module XmlParser (456)
[2019.01.25-16.25.26:662][139]LogModuleManager: Shutting down and abandoning module Blutility (454)
[2019.01.25-16.25.26:662][139]LogModuleManager: Shutting down and abandoning module ProjectSettingsViewer (452)
[2019.01.25-16.25.26:662][139]LogModuleManager: Shutting down and abandoning module ProjectTargetPlatformEditor (451)
[2019.01.25-16.25.26:662][139]LogModuleManager: Shutting down and abandoning module EditorSettingsViewer (448)
[2019.01.25-16.25.26:662][139]LogModuleManager: Shutting down and abandoning module SettingsEditor (446)
[2019.01.25-16.25.26:662][139]LogModuleManager: Shutting down and abandoning module ProjectLauncher (444)
[2019.01.25-16.25.26:663][139]LogModuleManager: Shutting down and abandoning module SessionFrontend (442)
[2019.01.25-16.25.26:663][139]LogModuleManager: Shutting down and abandoning module ProfilerClient (440)
[2019.01.25-16.25.26:663][139]LogModuleManager: Shutting down and abandoning module DeviceManager (438)
[2019.01.25-16.25.26:663][139]LogModuleManager: Shutting down and abandoning module TargetDeviceServices (437)
[2019.01.25-16.25.26:718][139]LogModuleManager: Shutting down and abandoning module AutomationController (434)
[2019.01.25-16.25.26:718][139]LogModuleManager: Shutting down and abandoning module AutomationWindow (432)
[2019.01.25-16.25.26:718][139]LogModuleManager: Shutting down and abandoning module Layers (430)
[2019.01.25-16.25.26:718][139]LogModuleManager: Shutting down and abandoning module ComponentVisualizers (428)
[2019.01.25-16.25.26:718][139]LogModuleManager: Shutting down and abandoning module DetailCustomizations (426)
[2019.01.25-16.25.26:719][139]LogModuleManager: Shutting down and abandoning module PackagesDialog (424)
[2019.01.25-16.25.26:719][139]LogModuleManager: Shutting down and abandoning module Persona (422)
[2019.01.25-16.25.26:719][139]LogModuleManager: Shutting down and abandoning module AdvancedPreviewScene (421)
[2019.01.25-16.25.26:720][139]LogModuleManager: Shutting down and abandoning module AnimGraph (419)
[2019.01.25-16.25.26:720][139]LogModuleManager: Shutting down and abandoning module Kismet (416)
[2019.01.25-16.25.26:721][139]LogModuleManager: Shutting down and abandoning module GraphEditor (414)
[2019.01.25-16.25.26:721][139]LogModuleManager: Shutting down and abandoning module ClassViewer (412)
[2019.01.25-16.25.26:721][139]LogModuleManager: Shutting down and abandoning module Toolbox (410)
[2019.01.25-16.25.26:721][139]LogModuleManager: Shutting down and abandoning module ModuleUI (408)
[2019.01.25-16.25.26:721][139]LogModuleManager: Shutting down and abandoning module MovieSceneTools (406)
[2019.01.25-16.25.26:722][139]LogModuleManager: Shutting down and abandoning module OutputLog (404)
[2019.01.25-16.25.26:722][139]LogModuleManager: Shutting down and abandoning module GammaUI (402)
[2019.01.25-16.25.26:722][139]LogModuleManager: Shutting down and abandoning module Documentation (400)
[2019.01.25-16.25.26:722][139]LogModuleManager: Shutting down and abandoning module MovieSceneTracks (398)
[2019.01.25-16.25.26:722][139]LogModuleManager: Shutting down and abandoning module MovieScene (396)
[2019.01.25-16.25.26:722][139]LogModuleManager: Shutting down and abandoning module StreamingPauseRendering (394)
[2019.01.25-16.25.26:722][139]LogModuleManager: Shutting down and abandoning module LauncherPlatform (392)
[2019.01.25-16.25.26:722][139]LogModuleManager: Shutting down and abandoning module AnalyticsET (390)
[2019.01.25-16.25.26:722][139]LogModuleManager: Shutting down and abandoning module PortalServices (388)
[2019.01.25-16.25.26:722][139]LogModuleManager: Shutting down and abandoning module PortalRpc (386)
[2019.01.25-16.25.26:729][139]LogModuleManager: Shutting down and abandoning module MessagingRpc (384)
[2019.01.25-16.25.26:729][139]LogModuleManager: Shutting down and abandoning module AIModule (382)
[2019.01.25-16.25.26:730][139]LogModuleManager: Shutting down and abandoning module GameplayDebugger (381)
[2019.01.25-16.25.26:730][139]LogModuleManager: Shutting down and abandoning module AITestSuite (379)
[2019.01.25-16.25.26:730][139]LogModuleManager: Shutting down and abandoning module ProfilerService (376)
[2019.01.25-16.25.26:763][139]LogModuleManager: Shutting down and abandoning module TaskGraph (374)
[2019.01.25-16.25.26:763][139]LogModuleManager: Shutting down and abandoning module SteamVRController (372)
[2019.01.25-16.25.26:763][139]LogModuleManager: Shutting down and abandoning module ProceduralMeshComponentEditor (370)
[2019.01.25-16.25.26:763][139]LogModuleManager: Shutting down and abandoning module ProceduralMeshComponent (368)
[2019.01.25-16.25.26:763][139]LogModuleManager: Shutting down and abandoning module OculusInput (366)
[2019.01.25-16.25.26:763][139]LogModuleManager: Shutting down and abandoning module MobilePatchingUtils (364)
[2019.01.25-16.25.26:764][139]LogModuleManager: Shutting down and abandoning module CustomMeshComponent (362)
[2019.01.25-16.25.26:764][139]LogModuleManager: Shutting down and abandoning module CableComponent (360)
[2019.01.25-16.25.26:764][139]LogModuleManager: Shutting down and abandoning module AudioCapture (358)
[2019.01.25-16.25.26:764][139]LogModuleManager: Shutting down and abandoning module ArchVisCharacter (356)
[2019.01.25-16.25.26:764][139]LogModuleManager: Shutting down and abandoning module AndroidPermission (354)
[2019.01.25-16.25.26:764][139]LogModuleManager: Shutting down and abandoning module NUTUnrealEngine4 (350)
[2019.01.25-16.25.26:764][139]LogModuleManager: Shutting down and abandoning module NetcodeUnitTest (348)
[2019.01.25-16.25.26:764][139]LogModuleManager: Shutting down and abandoning module MediaCompositingEditor (346)
[2019.01.25-16.25.26:764][139]LogModuleManager: Shutting down and abandoning module MediaCompositing (344)
[2019.01.25-16.25.26:764][139]LogModuleManager: Shutting down and abandoning module LinearTimecode (342)
[2019.01.25-16.25.26:764][139]LogModuleManager: Shutting down and abandoning module ImgMedia (340)
[2019.01.25-16.25.26:768][139]LogModuleManager: Shutting down and abandoning module HTML5Networking (338)
[2019.01.25-16.25.26:768][139]LogModuleManager: Shutting down and abandoning module AlembicImporter (336)
[2019.01.25-16.25.26:768][139]LogModuleManager: Shutting down and abandoning module AlembicLibrary (335)
[2019.01.25-16.25.26:768][139]LogModuleManager: Shutting down and abandoning module GeometryCache (334)
[2019.01.25-16.25.26:768][139]LogModuleManager: Shutting down and abandoning module GeometryCacheEd (333)
[2019.01.25-16.25.26:768][139]LogModuleManager: Shutting down and abandoning module DatasmithContent (328)
[2019.01.25-16.25.26:768][139]LogModuleManager: Shutting down and abandoning module SpeedTreeImporter (326)
[2019.01.25-16.25.26:768][139]LogModuleManager: Shutting down and abandoning module PluginBrowser (324)
[2019.01.25-16.25.26:769][139]LogModuleManager: Shutting down and abandoning module MobileLauncherProfileWizard (322)
[2019.01.25-16.25.26:769][139]LogModuleManager: Shutting down and abandoning module CryptoKeysOpenSSL (320)
[2019.01.25-16.25.26:769][139]LogModuleManager: Shutting down and abandoning module CryptoKeys (318)
[2019.01.25-16.25.26:769][139]LogModuleManager: Shutting down and abandoning module VisualStudioSourceCodeAccess (316)
[2019.01.25-16.25.26:769][139]LogModuleManager: Shutting down and abandoning module VisualStudioCodeSourceCodeAccess (314)
[2019.01.25-16.25.26:769][139]LogModuleManager: Shutting down and abandoning module UObjectPlugin (312)
[2019.01.25-16.25.26:769][139]LogModuleManager: Shutting down and abandoning module SubversionSourceControl (310)
[2019.01.25-16.25.26:769][139]LogModuleManager: Shutting down and abandoning module PerforceSourceControl (308)
[2019.01.25-16.25.26:769][139]LogModuleManager: Shutting down and abandoning module GitSourceControl (306)
[2019.01.25-16.25.26:769][139]LogModuleManager: Shutting down and abandoning module SourceControl (305)
[2019.01.25-16.25.26:769][139]LogModuleManager: Shutting down and abandoning module CLionSourceCodeAccess (302)
[2019.01.25-16.25.26:769][139]LogModuleManager: Shutting down and abandoning module LightPropagationVolumeEditor (300)
[2019.01.25-16.25.26:769][139]LogModuleManager: Shutting down and abandoning module PaperTiledImporter (298)
[2019.01.25-16.25.26:769][139]LogModuleManager: Shutting down and abandoning module PaperSpriteSheetImporter (296)
[2019.01.25-16.25.26:769][139]LogModuleManager: Shutting down and abandoning module Paper2DEditor (294)
[2019.01.25-16.25.26:769][139]LogModuleManager: Shutting down and abandoning module MeshPaint (293)
[2019.01.25-16.25.26:769][139]LogModuleManager: Shutting down and abandoning module BuildingEscape (290)
[2019.01.25-16.25.26:769][139]LogModuleManager: Shutting down and abandoning module RuntimePhysXCooking (288)
[2019.01.25-16.25.26:769][139]LogModuleManager: Shutting down and abandoning module PhysXVehiclesEditor (286)
[2019.01.25-16.25.26:769][139]LogModuleManager: Shutting down and abandoning module PhysXVehicles (284)
[2019.01.25-16.25.26:769][139]LogModuleManager: Shutting down and abandoning module OculusEditor (282)
[2019.01.25-16.25.26:769][139]LogModuleManager: Shutting down and abandoning module LocationServicesBPLibrary (280)
[2019.01.25-16.25.26:769][139]LogModuleManager: Shutting down and abandoning module ImmediatePhysicsEditor (278)
[2019.01.25-16.25.26:769][139]LogModuleManager: Shutting down and abandoning module ImmediatePhysics (276)
[2019.01.25-16.25.26:769][139]LogModuleManager: Shutting down and abandoning module ActorSequence (274)
[2019.01.25-16.25.26:769][139]LogModuleManager: Shutting down and abandoning module UdpMessaging (272)
[2019.01.25-16.25.26:870][139]LogModuleManager: Shutting down and abandoning module TcpMessaging (270)
[2019.01.25-16.25.26:971][139]LogModuleManager: Shutting down and abandoning module GameplayTagsEditor (268)
[2019.01.25-16.25.26:971][139]LogModuleManager: Shutting down and abandoning module FacialAnimationEditor (266)
[2019.01.25-16.25.26:971][139]LogModuleManager: Shutting down and abandoning module FacialAnimation (264)
[2019.01.25-16.25.26:971][139]LogModuleManager: Shutting down and abandoning module DataValidation (262)
[2019.01.25-16.25.26:972][139]LogModuleManager: Shutting down and abandoning module AssetManagerEditor (260)
[2019.01.25-16.25.26:972][139]LogModuleManager: Shutting down and abandoning module LevelEditor (259)
[2019.01.25-16.25.26:973][139]LogModuleManager: Shutting down and abandoning module PixelInspectorModule (258)
[2019.01.25-16.25.26:973][139]LogModuleManager: Shutting down and abandoning module CommonMenuExtensions (256)
[2019.01.25-16.25.26:974][139]LogModuleManager: Shutting down and abandoning module MainFrame (254)
[2019.01.25-16.25.26:974][139]LogModuleManager: Shutting down and abandoning module HotReload (253)
[2019.01.25-16.25.26:974][139]LogDirectoryWatcher: A directory notification for 'C:/Users/Jarod/OneDrive - University of Georgia/Documents/Unreal Projects/BuildingEscape/BuildingEscape/Binaries/Win64' was aborted.
[2019.01.25-16.25.26:975][139]LogModuleManager: Shutting down and abandoning module ContentBrowser (249)
[2019.01.25-16.25.26:976][139]LogModuleManager: Shutting down and abandoning module TreeMap (247)
[2019.01.25-16.25.26:976][139]LogModuleManager: Shutting down and abandoning module LightPropagationVolumeRuntime (244)
[2019.01.25-16.25.26:976][139]LogModuleManager: Shutting down and abandoning module LiveLinkEditor (242)
[2019.01.25-16.25.26:976][139]LogModuleManager: Shutting down and abandoning module LiveLink (240)
[2019.01.25-16.25.27:004][139]LogModuleManager: Shutting down and abandoning module Paper2D (238)
[2019.01.25-16.25.27:005][139]LogModuleManager: Shutting down and abandoning module WindowsMoviePlayer (236)
[2019.01.25-16.25.27:005][139]LogModuleManager: Shutting down and abandoning module WmfMedia (234)
[2019.01.25-16.25.27:006][139]LogModuleManager: Shutting down and abandoning module Media (233)
[2019.01.25-16.25.27:013][139]LogModuleManager: Shutting down and abandoning module PacketHandler (230)
[2019.01.25-16.25.27:013][139]LogModuleManager: Shutting down and abandoning module ClothingSystemEditor (228)
[2019.01.25-16.25.27:013][139]LogModuleManager: Shutting down and abandoning module ClothingSystemRuntime (226)
[2019.01.25-16.25.27:013][139]LogModuleManager: Shutting down and abandoning module MediaAssets (224)
[2019.01.25-16.25.27:013][139]LogModuleManager: Shutting down and abandoning module Overlay (222)
[2019.01.25-16.25.27:013][139]LogModuleManager: Shutting down and abandoning module OverlayEditor (221)
[2019.01.25-16.25.27:013][139]LogModuleManager: Shutting down and abandoning module VREditor (218)
[2019.01.25-16.25.27:013][139]LogModuleManager: Shutting down and abandoning module StringTableEditor (216)
[2019.01.25-16.25.27:013][139]LogModuleManager: Shutting down and abandoning module GameplayTasksEditor (214)
[2019.01.25-16.25.27:013][139]LogModuleManager: Shutting down and abandoning module BehaviorTreeEditor (212)
[2019.01.25-16.25.27:013][139]LogModuleManager: Shutting down and abandoning module FunctionalTesting (210)
[2019.01.25-16.25.27:014][139]LogModuleManager: Shutting down and abandoning module CollisionAnalyzer (208)
[2019.01.25-16.25.27:014][139]LogModuleManager: Shutting down and abandoning module WorkspaceMenuStructure (207)
[2019.01.25-16.25.27:014][139]LogModuleManager: Shutting down and abandoning module UMG (204)
[2019.01.25-16.25.27:014][139]LogModuleManager: Shutting down and abandoning module UMGEditor (203)
[2019.01.25-16.25.27:014][139]LogModuleManager: Shutting down and abandoning module Sequencer (202)
[2019.01.25-16.25.27:014][139]LogModuleManager: Shutting down and abandoning module MessageLog (199)
[2019.01.25-16.25.27:014][139]LogModuleManager: Shutting down and abandoning module SlateReflector (194)
[2019.01.25-16.25.27:014][139]LogModuleManager: Shutting down and abandoning module Slate (192)
[2019.01.25-16.25.27:014][139]LogModuleManager: Shutting down and abandoning module EditorStyle (190)
[2019.01.25-16.25.27:017][139]LogModuleManager: Shutting down and abandoning module MRMesh (188)
[2019.01.25-16.25.27:017][139]LogModuleManager: Shutting down and abandoning module SourceCodeAccess (186)
[2019.01.25-16.25.27:017][139]LogModuleManager: Shutting down and abandoning module HeadMountedDisplay (184)
[2019.01.25-16.25.27:017][139]LogModuleManager: Shutting down and abandoning module XAudio2 (182)
[2019.01.25-16.25.27:017][139]LogModuleManager: Shutting down and abandoning module Networking (180)
[2019.01.25-16.25.27:017][139]LogModuleManager: Shutting down and abandoning module Core (178)
[2019.01.25-16.25.27:018][139]LogModuleManager: Shutting down and abandoning module LevelSequence (176)
[2019.01.25-16.25.27:018][139]LogModuleManager: Shutting down and abandoning module KismetCompiler (174)
[2019.01.25-16.25.27:018][139]LogModuleManager: Shutting down and abandoning module MeshUtilities (172)
[2019.01.25-16.25.27:018][139]LogModuleManager: Shutting down and abandoning module MeshMergeUtilities (171)
[2019.01.25-16.25.27:018][139]LogModuleManager: Shutting down and abandoning module MeshReductionInterface (170)
[2019.01.25-16.25.27:018][139]LogModuleManager: Shutting down and abandoning module SimplygonSwarm (169)
[2019.01.25-16.25.27:018][139]LogModuleManager: Shutting down and abandoning module SimplygonMeshReduction (167)
[2019.01.25-16.25.27:018][139]LogModuleManager: Shutting down and abandoning module QuadricMeshReduction (165)
[2019.01.25-16.25.27:018][139]LogModuleManager: Shutting down and abandoning module MaterialBaking (161)
[2019.01.25-16.25.27:018][139]LogModuleManager: Shutting down and abandoning module DirectoryWatcher (157)
[2019.01.25-16.25.27:021][139]LogModuleManager: Shutting down and abandoning module DerivedDataCache (154)
[2019.01.25-16.25.27:059][139]LogDerivedDataCache: Shutdown
[2019.01.25-16.25.27:059][139]LogModuleManager: Shutting down and abandoning module XGEController (152)
[2019.01.25-16.25.27:068][139]LogModuleManager: Shutting down and abandoning module TargetPlatform (150)
[2019.01.25-16.25.27:068][139]LogModuleManager: Shutting down and abandoning module VulkanShaderFormat (149)
[2019.01.25-16.25.27:068][139]LogModuleManager: Shutting down and abandoning module ShaderFormatVectorVM (147)
[2019.01.25-16.25.27:069][139]LogModuleManager: Shutting down and abandoning module ShaderFormatOpenGL (145)
[2019.01.25-16.25.27:069][139]LogModuleManager: Shutting down and abandoning module ShaderFormatD3D (143)
[2019.01.25-16.25.27:069][139]LogModuleManager: Shutting down and abandoning module MetalShaderFormat (141)
[2019.01.25-16.25.27:069][139]LogModuleManager: Shutting down and abandoning module TextureFormatUncompressed (139)
[2019.01.25-16.25.27:069][139]LogModuleManager: Shutting down and abandoning module TextureFormatPVR (137)
[2019.01.25-16.25.27:069][139]LogModuleManager: Shutting down and abandoning module TextureFormatDXT (135)
[2019.01.25-16.25.27:069][139]LogModuleManager: Shutting down and abandoning module TextureFormatIntelISPCTexComp (133)
[2019.01.25-16.25.27:069][139]LogModuleManager: Shutting down and abandoning module TextureFormatASTC (131)
[2019.01.25-16.25.27:069][139]LogModuleManager: Shutting down and abandoning module ImageWrapper (130)
[2019.01.25-16.25.27:069][139]LogModuleManager: Shutting down and abandoning module TextureFormatAndroid (127)
[2019.01.25-16.25.27:069][139]LogModuleManager: Shutting down and abandoning module AudioFormatOpus (125)
[2019.01.25-16.25.27:069][139]LogModuleManager: Shutting down and abandoning module AudioFormatOgg (123)
[2019.01.25-16.25.27:069][139]LogModuleManager: Shutting down and abandoning module AudioFormatADPCM (121)
[2019.01.25-16.25.27:069][139]LogModuleManager: Shutting down and abandoning module LinuxTargetPlatform (119)
[2019.01.25-16.25.27:069][139]LogModuleManager: Shutting down and abandoning module LinuxServerTargetPlatform (117)
[2019.01.25-16.25.27:069][139]LogModuleManager: Shutting down and abandoning module LinuxNoEditorTargetPlatform (115)
[2019.01.25-16.25.27:069][139]LogModuleManager: Shutting down and abandoning module LinuxClientTargetPlatform (113)
[2019.01.25-16.25.27:069][139]LogModuleManager: Shutting down and abandoning module TVOSTargetPlatform (111)
[2019.01.25-16.25.27:070][139]LogModuleManager: Shutting down and abandoning module Messaging (109)
[2019.01.25-16.25.27:070][139]LogModuleManager: Shutting down and abandoning module IOSTargetPlatform (107)
[2019.01.25-16.25.27:077][139]LogModuleManager: Shutting down and abandoning module HTML5TargetPlatform (105)
[2019.01.25-16.25.27:077][139]LogModuleManager: Shutting down and abandoning module AndroidTargetPlatform (103)
[2019.01.25-16.25.27:077][139]LogModuleManager: Shutting down and abandoning module Android_PVRTCTargetPlatform (101)
[2019.01.25-16.25.27:077][139]LogModuleManager: Shutting down and abandoning module Android_MultiTargetPlatform (99)
[2019.01.25-16.25.27:077][139]LogModuleManager: Shutting down and abandoning module Android_ETC2TargetPlatform (97)
[2019.01.25-16.25.27:077][139]LogModuleManager: Shutting down and abandoning module Android_ETC1TargetPlatform (95)
[2019.01.25-16.25.27:077][139]LogModuleManager: Shutting down and abandoning module Android_ETC1aTargetPlatform (93)
[2019.01.25-16.25.27:077][139]LogModuleManager: Shutting down and abandoning module Android_DXTTargetPlatform (91)
[2019.01.25-16.25.27:077][139]LogModuleManager: Shutting down and abandoning module Android_ATCTargetPlatform (89)
[2019.01.25-16.25.27:077][139]LogModuleManager: Shutting down and abandoning module Android_ASTCTargetPlatform (87)
[2019.01.25-16.25.27:077][139]LogModuleManager: Shutting down and abandoning module WindowsTargetPlatform (85)
[2019.01.25-16.25.27:077][139]LogModuleManager: Shutting down and abandoning module WindowsServerTargetPlatform (83)
[2019.01.25-16.25.27:077][139]LogModuleManager: Shutting down and abandoning module WindowsNoEditorTargetPlatform (81)
[2019.01.25-16.25.27:077][139]LogModuleManager: Shutting down and abandoning module WindowsClientTargetPlatform (79)
[2019.01.25-16.25.27:077][139]LogModuleManager: Shutting down and abandoning module MacTargetPlatform (77)
[2019.01.25-16.25.27:078][139]LogModuleManager: Shutting down and abandoning module MacServerTargetPlatform (75)
[2019.01.25-16.25.27:078][139]LogModuleManager: Shutting down and abandoning module MacNoEditorTargetPlatform (73)
[2019.01.25-16.25.27:078][139]LogModuleManager: Shutting down and abandoning module MacClientTargetPlatform (71)
[2019.01.25-16.25.27:078][139]LogModuleManager: Shutting down and abandoning module AllDesktopTargetPlatform (69)
[2019.01.25-16.25.27:078][139]LogModuleManager: Shutting down and abandoning module InputCore (66)
[2019.01.25-16.25.27:078][139]LogModuleManager: Shutting down and abandoning module Settings (64)
[2019.01.25-16.25.27:078][139]LogModuleManager: Shutting down and abandoning module PhysXCooking (62)
[2019.01.25-16.25.27:078][139]LogModuleManager: Shutting down and abandoning module SteamVR (60)
[2019.01.25-16.25.27:078][139]LogModuleManager: Shutting down and abandoning module OculusHMD (58)
[2019.01.25-16.25.27:078][139]LogModuleManager: Shutting down and abandoning module ExampleDeviceProfileSelector (56)
[2019.01.25-16.25.27:078][139]LogModuleManager: Shutting down and abandoning module AppleARKit (54)
[2019.01.25-16.25.27:078][139]LogModuleManager: Shutting down and abandoning module AugmentedReality (51)
[2019.01.25-16.25.27:078][139]LogModuleManager: Shutting down and abandoning module OnlineBlueprintSupport (48)
[2019.01.25-16.25.27:078][139]LogModuleManager: Shutting down and abandoning module OnlineSubsystem (44)
[2019.01.25-16.25.27:078][139]LogModuleManager: Shutting down and abandoning module XMPP (43)
[2019.01.25-16.25.27:078][139]LogModuleManager: Shutting down and abandoning module HTTP (41)
[2019.01.25-16.25.27:078][139]LogHttp: Display: Http module shutting down, but needs to wait on 1 outstanding Http requests:
[2019.01.25-16.25.27:078][139]LogHttp: Display: 	verb=[POST] url=[https://datarouter.ol.epicgames.com/datarouter/api/v1/public/data?SessionID=%7B30AECFEB-4B15-6CAA-BCF6-748F986F3F8E%7D&AppID=UEEditor.Rocket.Release&AppVersion=4.19.2-4033788%2B%2B%2BUE4%2BRelease-4.19&UserID=aa4e96e24ee1237c35362eb199b8d7f6%7Cf7da8b5e0d324f18b3f774af89e49a52%7C353c1a54-9dc6-470d-b517-cfe5fbe1c7ac&AppEnvironment=datacollector-binary&UploadType=eteventstream] status=Processing
[2019.01.25-16.25.27:104][139]LogModuleManager: Shutting down and abandoning module SSL (40)
[2019.01.25-16.25.27:106][139]LogModuleManager: Shutting down and abandoning module AnimationModifiers (36)
[2019.01.25-16.25.27:106][139]LogModuleManager: Shutting down and abandoning module PropertyEditor (35)
[2019.01.25-16.25.27:106][139]LogModuleManager: Shutting down and abandoning module AudioEditor (32)
[2019.01.25-16.25.27:106][139]LogModuleManager: Shutting down and abandoning module TextureCompressor (30)
[2019.01.25-16.25.27:106][139]LogModuleManager: Shutting down and abandoning module ShaderCore (28)
[2019.01.25-16.25.27:106][139]LogModuleManager: Shutting down and abandoning module Landscape (26)
[2019.01.25-16.25.27:106][139]LogModuleManager: Shutting down and abandoning module SlateRHIRenderer (24)
[2019.01.25-16.25.27:108][139]LogModuleManager: Shutting down and abandoning module OpenGLDrv (22)
[2019.01.25-16.25.27:109][139]LogModuleManager: Shutting down and abandoning module D3D11RHI (20)
[2019.01.25-16.25.27:109][139]LogModuleManager: Shutting down and abandoning module AnimGraphRuntime (18)
[2019.01.25-16.25.27:109][139]LogModuleManager: Shutting down and abandoning module Renderer (16)
[2019.01.25-16.25.27:109][139]LogModuleManager: Shutting down and abandoning module Engine (14)
[2019.01.25-16.25.27:109][139]LogModuleManager: Shutting down and abandoning module CoreUObject (12)
[2019.01.25-16.25.27:109][139]LogModuleManager: Shutting down and abandoning module NetworkFile (10)
[2019.01.25-16.25.27:109][139]LogModuleManager: Shutting down and abandoning module CookedIterativeFile (8)
[2019.01.25-16.25.27:109][139]LogModuleManager: Shutting down and abandoning module StreamingFile (6)
[2019.01.25-16.25.27:109][139]LogModuleManager: Shutting down and abandoning module SandboxFile (4)
[2019.01.25-16.25.27:109][139]LogModuleManager: Shutting down and abandoning module PakFile (2)
[2019.01.25-16.25.27:122][139]LogExit: Exiting.
[2019.01.25-16.25.27:146][139]Log file closed, 01/25/19 11:25:27
